mode: atomic
github.com/nghiapd-andpad/todo-project-intern/services/core-todo/internal/config/config.go:58.29,62.13 3 0
github.com/nghiapd-andpad/todo-project-intern/services/core-todo/internal/config/config.go:63.20,64.30 1 0
github.com/nghiapd-andpad/todo-project-intern/services/core-todo/internal/config/config.go:65.10,66.19 1 0
github.com/nghiapd-andpad/todo-project-intern/services/core-todo/internal/config/config.go:69.2,69.47 1 0
github.com/nghiapd-andpad/todo-project-intern/services/core-todo/internal/config/config.go:69.47,71.3 1 0
github.com/nghiapd-andpad/todo-project-intern/services/core-todo/internal/config/config.go:73.2,74.52 2 0
github.com/nghiapd-andpad/todo-project-intern/services/core-todo/internal/config/config.go:74.52,76.3 1 0
github.com/nghiapd-andpad/todo-project-intern/services/core-todo/internal/config/config.go:78.2,78.18 1 0
github.com/nghiapd-andpad/todo-project-intern/services/core-todo/internal/domain/entity/errors.go:22.35,24.2 1 0
github.com/nghiapd-andpad/todo-project-intern/services/core-todo/internal/domain/entity/errors.go:26.60,27.22 1 0
github.com/nghiapd-andpad/todo-project-intern/services/core-todo/internal/domain/entity/errors.go:27.22,29.3 1 0
github.com/nghiapd-andpad/todo-project-intern/services/core-todo/internal/domain/entity/errors.go:30.2,31.10 2 0
github.com/nghiapd-andpad/todo-project-intern/services/core-todo/internal/domain/entity/errors.go:34.44,36.2 1 0
github.com/nghiapd-andpad/todo-project-intern/services/core-todo/internal/domain/entity/errors.go:38.52,40.2 1 0
github.com/nghiapd-andpad/todo-project-intern/services/core-todo/internal/domain/entity/errors.go:42.41,44.2 1 0
github.com/nghiapd-andpad/todo-project-intern/services/core-todo/internal/domain/entity/errors.go:46.41,48.2 1 0
github.com/nghiapd-andpad/todo-project-intern/services/core-todo/internal/domain/entity/errors.go:50.44,52.2 1 0
github.com/nghiapd-andpad/todo-project-intern/services/core-todo/internal/domain/entity/errors.go:54.44,56.2 1 0
github.com/nghiapd-andpad/todo-project-intern/services/core-todo/internal/domain/gateway/mock/todo_commands_mock.go:34.83,38.2 3 0
github.com/nghiapd-andpad/todo-project-intern/services/core-todo/internal/domain/gateway/mock/todo_commands_mock.go:41.81,43.2 1 0
github.com/nghiapd-andpad/todo-project-intern/services/core-todo/internal/domain/gateway/mock/todo_commands_mock.go:46.104,52.2 5 0
github.com/nghiapd-andpad/todo-project-intern/services/core-todo/internal/domain/gateway/mock/todo_commands_mock.go:55.83,58.2 2 0
github.com/nghiapd-andpad/todo-project-intern/services/core-todo/internal/domain/gateway/mock/todo_commands_mock.go:61.91,66.2 4 0
github.com/nghiapd-andpad/todo-project-intern/services/core-todo/internal/domain/gateway/mock/todo_commands_mock.go:69.85,72.2 2 0
github.com/nghiapd-andpad/todo-project-intern/services/core-todo/internal/domain/gateway/mock/todo_commands_mock.go:75.111,80.2 4 0
github.com/nghiapd-andpad/todo-project-intern/services/core-todo/internal/domain/gateway/mock/todo_commands_mock.go:83.101,86.2 2 0
github.com/nghiapd-andpad/todo-project-intern/services/core-todo/internal/domain/gateway/mock/todo_commands_mock.go:89.113,95.2 5 0
github.com/nghiapd-andpad/todo-project-intern/services/core-todo/internal/domain/gateway/mock/todo_commands_mock.go:98.96,101.2 2 0
github.com/nghiapd-andpad/todo-project-intern/services/core-todo/internal/domain/gateway/mock/todo_commands_mock.go:104.133,110.2 5 0
github.com/nghiapd-andpad/todo-project-intern/services/core-todo/internal/domain/gateway/mock/todo_commands_mock.go:113.112,116.2 2 0
github.com/nghiapd-andpad/todo-project-intern/services/core-todo/internal/domain/gateway/mock/todo_commands_mock.go:119.129,125.2 5 0
github.com/nghiapd-andpad/todo-project-intern/services/core-todo/internal/domain/gateway/mock/todo_commands_mock.go:128.102,131.2 2 0
github.com/nghiapd-andpad/todo-project-intern/services/core-todo/internal/domain/gateway/mock/todo_commands_mock.go:134.104,140.2 5 0
github.com/nghiapd-andpad/todo-project-intern/services/core-todo/internal/domain/gateway/mock/todo_commands_mock.go:143.83,146.2 2 0
github.com/nghiapd-andpad/todo-project-intern/services/core-todo/internal/domain/gateway/mock/todo_list_commands_mock.go:33.91,37.2 3 0
github.com/nghiapd-andpad/todo-project-intern/services/core-todo/internal/domain/gateway/mock/todo_list_commands_mock.go:40.89,42.2 1 0
github.com/nghiapd-andpad/todo-project-intern/services/core-todo/internal/domain/gateway/mock/todo_list_commands_mock.go:45.120,51.2 5 0
github.com/nghiapd-andpad/todo-project-intern/services/core-todo/internal/domain/gateway/mock/todo_list_commands_mock.go:54.91,57.2 2 0
github.com/nghiapd-andpad/todo-project-intern/services/core-todo/internal/domain/gateway/mock/todo_list_commands_mock.go:60.103,65.2 4 0
github.com/nghiapd-andpad/todo-project-intern/services/core-todo/internal/domain/gateway/mock/todo_list_commands_mock.go:68.93,71.2 2 0
github.com/nghiapd-andpad/todo-project-intern/services/core-todo/internal/domain/gateway/mock/todo_list_commands_mock.go:74.125,80.2 5 0
github.com/nghiapd-andpad/todo-project-intern/services/core-todo/internal/domain/gateway/mock/todo_list_commands_mock.go:83.104,86.2 2 0
github.com/nghiapd-andpad/todo-project-intern/services/core-todo/internal/domain/gateway/mock/todo_list_commands_mock.go:89.120,95.2 5 0
github.com/nghiapd-andpad/todo-project-intern/services/core-todo/internal/domain/gateway/mock/todo_list_commands_mock.go:98.91,101.2 2 0
github.com/nghiapd-andpad/todo-project-intern/services/core-todo/internal/domain/gateway/mock/todo_list_queries_mock.go:35.89,39.2 3 0
github.com/nghiapd-andpad/todo-project-intern/services/core-todo/internal/domain/gateway/mock/todo_list_queries_mock.go:42.87,44.2 1 0
github.com/nghiapd-andpad/todo-project-intern/services/core-todo/internal/domain/gateway/mock/todo_list_queries_mock.go:47.144,53.2 5 0
github.com/nghiapd-andpad/todo-project-intern/services/core-todo/internal/domain/gateway/mock/todo_list_queries_mock.go:56.115,59.2 2 0
github.com/nghiapd-andpad/todo-project-intern/services/core-todo/internal/domain/gateway/mock/todo_list_queries_mock.go:62.119,68.2 5 0
github.com/nghiapd-andpad/todo-project-intern/services/core-todo/internal/domain/gateway/mock/todo_list_queries_mock.go:71.89,74.2 2 0
github.com/nghiapd-andpad/todo-project-intern/services/core-todo/internal/domain/gateway/mock/todo_list_queries_mock.go:77.133,84.2 6 0
github.com/nghiapd-andpad/todo-project-intern/services/core-todo/internal/domain/gateway/mock/todo_list_queries_mock.go:87.84,90.2 2 0
github.com/nghiapd-andpad/todo-project-intern/services/core-todo/internal/domain/gateway/mock/todo_queries_mock.go:35.81,39.2 3 0
github.com/nghiapd-andpad/todo-project-intern/services/core-todo/internal/domain/gateway/mock/todo_queries_mock.go:42.79,44.2 1 0
github.com/nghiapd-andpad/todo-project-intern/services/core-todo/internal/domain/gateway/mock/todo_queries_mock.go:47.126,53.2 5 0
github.com/nghiapd-andpad/todo-project-intern/services/core-todo/internal/domain/gateway/mock/todo_queries_mock.go:56.101,59.2 2 0
github.com/nghiapd-andpad/todo-project-intern/services/core-todo/internal/domain/gateway/mock/todo_queries_mock.go:62.132,68.2 5 0
github.com/nghiapd-andpad/todo-project-intern/services/core-todo/internal/domain/gateway/mock/todo_queries_mock.go:71.107,74.2 2 0
github.com/nghiapd-andpad/todo-project-intern/services/core-todo/internal/domain/gateway/mock/todo_queries_mock.go:77.133,83.2 5 0
github.com/nghiapd-andpad/todo-project-intern/services/core-todo/internal/domain/gateway/mock/todo_queries_mock.go:86.93,89.2 2 0
github.com/nghiapd-andpad/todo-project-intern/services/core-todo/internal/domain/gateway/mock/todo_queries_mock.go:92.121,99.2 6 0
github.com/nghiapd-andpad/todo-project-intern/services/core-todo/internal/domain/gateway/mock/todo_queries_mock.go:102.80,105.2 2 0
github.com/nghiapd-andpad/todo-project-intern/services/core-todo/internal/domain/gateway/mock/transactor_mock.go:32.65,36.2 3 0
github.com/nghiapd-andpad/todo-project-intern/services/core-todo/internal/domain/gateway/mock/transactor_mock.go:39.63,41.2 1 0
github.com/nghiapd-andpad/todo-project-intern/services/core-todo/internal/domain/gateway/mock/transactor_mock.go:44.97,49.2 4 0
github.com/nghiapd-andpad/todo-project-intern/services/core-todo/internal/domain/gateway/mock/transactor_mock.go:52.77,55.2 2 0
github.com/nghiapd-andpad/todo-project-intern/services/core-todo/internal/handler/helper/auth.go:12.75,13.28 1 0
github.com/nghiapd-andpad/todo-project-intern/services/core-todo/internal/handler/helper/auth.go:13.28,15.3 1 0
github.com/nghiapd-andpad/todo-project-intern/services/core-todo/internal/handler/helper/auth.go:16.2,17.16 2 0
github.com/nghiapd-andpad/todo-project-intern/services/core-todo/internal/handler/helper/auth.go:17.16,19.3 1 0
github.com/nghiapd-andpad/todo-project-intern/services/core-todo/internal/handler/helper/auth.go:20.2,20.31 1 0
github.com/nghiapd-andpad/todo-project-intern/services/core-todo/internal/handler/helper/date.go:10.55,11.19 1 0
github.com/nghiapd-andpad/todo-project-intern/services/core-todo/internal/handler/helper/date.go:11.19,13.3 1 0
github.com/nghiapd-andpad/todo-project-intern/services/core-todo/internal/handler/helper/date.go:14.2,15.16 2 0
github.com/nghiapd-andpad/todo-project-intern/services/core-todo/internal/handler/helper/date.go:15.16,18.3 1 0
github.com/nghiapd-andpad/todo-project-intern/services/core-todo/internal/handler/helper/date.go:19.2,19.16 1 0
github.com/nghiapd-andpad/todo-project-intern/services/core-todo/internal/handler/create_todo.go:19.122,22.16 2 0
github.com/nghiapd-andpad/todo-project-intern/services/core-todo/internal/handler/create_todo.go:22.16,24.3 1 0
github.com/nghiapd-andpad/todo-project-intern/services/core-todo/internal/handler/create_todo.go:27.2,28.16 2 0
github.com/nghiapd-andpad/todo-project-intern/services/core-todo/internal/handler/create_todo.go:28.16,30.3 1 0
github.com/nghiapd-andpad/todo-project-intern/services/core-todo/internal/handler/create_todo.go:32.2,33.16 2 0
github.com/nghiapd-andpad/todo-project-intern/services/core-todo/internal/handler/create_todo.go:33.16,35.3 1 0
github.com/nghiapd-andpad/todo-project-intern/services/core-todo/internal/handler/create_todo.go:38.2,47.46 2 0
github.com/nghiapd-andpad/todo-project-intern/services/core-todo/internal/handler/create_todo.go:47.46,49.3 1 0
github.com/nghiapd-andpad/todo-project-intern/services/core-todo/internal/handler/create_todo.go:50.2,50.30 1 0
github.com/nghiapd-andpad/todo-project-intern/services/core-todo/internal/handler/create_todo.go:50.30,53.3 2 0
github.com/nghiapd-andpad/todo-project-intern/services/core-todo/internal/handler/create_todo.go:56.2,57.16 2 0
github.com/nghiapd-andpad/todo-project-intern/services/core-todo/internal/handler/create_todo.go:57.16,59.3 1 0
github.com/nghiapd-andpad/todo-project-intern/services/core-todo/internal/handler/create_todo.go:62.2,64.8 1 0
github.com/nghiapd-andpad/todo-project-intern/services/core-todo/internal/handler/create_todo_list.go:14.134,16.16 2 0
github.com/nghiapd-andpad/todo-project-intern/services/core-todo/internal/handler/create_todo_list.go:16.16,18.3 1 0
github.com/nghiapd-andpad/todo-project-intern/services/core-todo/internal/handler/create_todo_list.go:21.2,28.16 3 0
github.com/nghiapd-andpad/todo-project-intern/services/core-todo/internal/handler/create_todo_list.go:28.16,30.3 1 0
github.com/nghiapd-andpad/todo-project-intern/services/core-todo/internal/handler/create_todo_list.go:32.2,34.8 1 0
github.com/nghiapd-andpad/todo-project-intern/services/core-todo/internal/handler/delete_todo.go:18.122,21.16 2 0
github.com/nghiapd-andpad/todo-project-intern/services/core-todo/internal/handler/delete_todo.go:21.16,23.3 1 0
github.com/nghiapd-andpad/todo-project-intern/services/core-todo/internal/handler/delete_todo.go:25.2,26.16 2 0
github.com/nghiapd-andpad/todo-project-intern/services/core-todo/internal/handler/delete_todo.go:26.16,28.3 1 0
github.com/nghiapd-andpad/todo-project-intern/services/core-todo/internal/handler/delete_todo.go:31.2,38.57 2 0
github.com/nghiapd-andpad/todo-project-intern/services/core-todo/internal/handler/delete_todo.go:38.57,40.3 1 0
github.com/nghiapd-andpad/todo-project-intern/services/core-todo/internal/handler/delete_todo.go:42.2,42.42 1 0
github.com/nghiapd-andpad/todo-project-intern/services/core-todo/internal/handler/delete_todo_list.go:18.134,20.16 2 0
github.com/nghiapd-andpad/todo-project-intern/services/core-todo/internal/handler/delete_todo_list.go:20.16,22.3 1 0
github.com/nghiapd-andpad/todo-project-intern/services/core-todo/internal/handler/delete_todo_list.go:24.2,25.16 2 0
github.com/nghiapd-andpad/todo-project-intern/services/core-todo/internal/handler/delete_todo_list.go:25.16,27.3 1 0
github.com/nghiapd-andpad/todo-project-intern/services/core-todo/internal/handler/delete_todo_list.go:30.2,35.61 2 0
github.com/nghiapd-andpad/todo-project-intern/services/core-todo/internal/handler/delete_todo_list.go:35.61,37.3 1 0
github.com/nghiapd-andpad/todo-project-intern/services/core-todo/internal/handler/delete_todo_list.go:39.2,39.46 1 0
github.com/nghiapd-andpad/todo-project-intern/services/core-todo/internal/handler/get_todo.go:19.113,22.16 2 0
github.com/nghiapd-andpad/todo-project-intern/services/core-todo/internal/handler/get_todo.go:22.16,24.3 1 0
github.com/nghiapd-andpad/todo-project-intern/services/core-todo/internal/handler/get_todo.go:26.2,27.16 2 0
github.com/nghiapd-andpad/todo-project-intern/services/core-todo/internal/handler/get_todo.go:27.16,29.3 1 0
github.com/nghiapd-andpad/todo-project-intern/services/core-todo/internal/handler/get_todo.go:32.2,40.16 3 0
github.com/nghiapd-andpad/todo-project-intern/services/core-todo/internal/handler/get_todo.go:40.16,42.3 1 0
github.com/nghiapd-andpad/todo-project-intern/services/core-todo/internal/handler/get_todo.go:45.2,47.8 1 0
github.com/nghiapd-andpad/todo-project-intern/services/core-todo/internal/handler/get_todo_list.go:19.125,21.16 2 0
github.com/nghiapd-andpad/todo-project-intern/services/core-todo/internal/handler/get_todo_list.go:21.16,23.3 1 0
github.com/nghiapd-andpad/todo-project-intern/services/core-todo/internal/handler/get_todo_list.go:25.2,26.16 2 0
github.com/nghiapd-andpad/todo-project-intern/services/core-todo/internal/handler/get_todo_list.go:26.16,28.3 1 0
github.com/nghiapd-andpad/todo-project-intern/services/core-todo/internal/handler/get_todo_list.go:31.2,38.16 3 0
github.com/nghiapd-andpad/todo-project-intern/services/core-todo/internal/handler/get_todo_list.go:38.16,40.3 1 0
github.com/nghiapd-andpad/todo-project-intern/services/core-todo/internal/handler/get_todo_list.go:42.2,42.86 1 0
github.com/nghiapd-andpad/todo-project-intern/services/core-todo/internal/handler/handler.go:51.16,64.2 1 0
github.com/nghiapd-andpad/todo-project-intern/services/core-todo/internal/handler/handler.go:66.107,68.16 2 0
github.com/nghiapd-andpad/todo-project-intern/services/core-todo/internal/handler/handler.go:68.16,70.3 1 0
github.com/nghiapd-andpad/todo-project-intern/services/core-todo/internal/handler/handler.go:72.2,76.107 1 0
github.com/nghiapd-andpad/todo-project-intern/services/core-todo/internal/handler/handler.go:76.107,77.43 1 0
github.com/nghiapd-andpad/todo-project-intern/services/core-todo/internal/handler/handler.go:77.43,78.52 1 0
github.com/nghiapd-andpad/todo-project-intern/services/core-todo/internal/handler/handler.go:78.52,80.7 1 0
github.com/nghiapd-andpad/todo-project-intern/services/core-todo/internal/handler/handler.go:82.5,82.29 1 0
github.com/nghiapd-andpad/todo-project-intern/services/core-todo/internal/handler/handler.go:87.2,89.15 3 0
github.com/nghiapd-andpad/todo-project-intern/services/core-todo/internal/handler/list_todo_lists.go:18.131,19.79 1 0
github.com/nghiapd-andpad/todo-project-intern/services/core-todo/internal/handler/list_todo_lists.go:19.79,21.3 1 0
github.com/nghiapd-andpad/todo-project-intern/services/core-todo/internal/handler/list_todo_lists.go:24.2,25.16 2 0
github.com/nghiapd-andpad/todo-project-intern/services/core-todo/internal/handler/list_todo_lists.go:25.16,27.3 1 0
github.com/nghiapd-andpad/todo-project-intern/services/core-todo/internal/handler/list_todo_lists.go:30.2,36.41 2 0
github.com/nghiapd-andpad/todo-project-intern/services/core-todo/internal/handler/list_todo_lists.go:36.41,38.3 1 0
github.com/nghiapd-andpad/todo-project-intern/services/core-todo/internal/handler/list_todo_lists.go:41.2,42.16 2 0
github.com/nghiapd-andpad/todo-project-intern/services/core-todo/internal/handler/list_todo_lists.go:42.16,44.3 1 0
github.com/nghiapd-andpad/todo-project-intern/services/core-todo/internal/handler/list_todo_lists.go:46.2,47.36 2 0
github.com/nghiapd-andpad/todo-project-intern/services/core-todo/internal/handler/list_todo_lists.go:47.36,49.3 1 0
github.com/nghiapd-andpad/todo-project-intern/services/core-todo/internal/handler/list_todo_lists.go:51.2,54.8 1 0
github.com/nghiapd-andpad/todo-project-intern/services/core-todo/internal/handler/list_todos.go:20.119,23.16 2 0
github.com/nghiapd-andpad/todo-project-intern/services/core-todo/internal/handler/list_todos.go:23.16,25.3 1 0
github.com/nghiapd-andpad/todo-project-intern/services/core-todo/internal/handler/list_todos.go:27.2,28.16 2 0
github.com/nghiapd-andpad/todo-project-intern/services/core-todo/internal/handler/list_todos.go:28.16,30.3 1 0
github.com/nghiapd-andpad/todo-project-intern/services/core-todo/internal/handler/list_todos.go:33.2,41.61 2 0
github.com/nghiapd-andpad/todo-project-intern/services/core-todo/internal/handler/list_todos.go:41.61,43.3 1 0
github.com/nghiapd-andpad/todo-project-intern/services/core-todo/internal/handler/list_todos.go:44.2,44.65 1 0
github.com/nghiapd-andpad/todo-project-intern/services/core-todo/internal/handler/list_todos.go:44.65,46.3 1 0
github.com/nghiapd-andpad/todo-project-intern/services/core-todo/internal/handler/list_todos.go:47.2,47.42 1 0
github.com/nghiapd-andpad/todo-project-intern/services/core-todo/internal/handler/list_todos.go:47.42,49.3 1 0
github.com/nghiapd-andpad/todo-project-intern/services/core-todo/internal/handler/list_todos.go:52.2,53.16 2 0
github.com/nghiapd-andpad/todo-project-intern/services/core-todo/internal/handler/list_todos.go:53.16,55.3 1 0
github.com/nghiapd-andpad/todo-project-intern/services/core-todo/internal/handler/list_todos.go:58.2,59.35 2 0
github.com/nghiapd-andpad/todo-project-intern/services/core-todo/internal/handler/list_todos.go:59.35,61.3 1 0
github.com/nghiapd-andpad/todo-project-intern/services/core-todo/internal/handler/list_todos.go:63.2,66.8 1 0
github.com/nghiapd-andpad/todo-project-intern/services/core-todo/internal/handler/update_todo.go:19.122,20.76 1 0
github.com/nghiapd-andpad/todo-project-intern/services/core-todo/internal/handler/update_todo.go:20.76,22.3 1 0
github.com/nghiapd-andpad/todo-project-intern/services/core-todo/internal/handler/update_todo.go:24.2,25.16 2 0
github.com/nghiapd-andpad/todo-project-intern/services/core-todo/internal/handler/update_todo.go:25.16,27.3 1 0
github.com/nghiapd-andpad/todo-project-intern/services/core-todo/internal/handler/update_todo.go:29.2,30.16 2 0
github.com/nghiapd-andpad/todo-project-intern/services/core-todo/internal/handler/update_todo.go:30.16,32.3 1 0
github.com/nghiapd-andpad/todo-project-intern/services/core-todo/internal/handler/update_todo.go:35.2,41.54 2 0
github.com/nghiapd-andpad/todo-project-intern/services/core-todo/internal/handler/update_todo.go:41.54,42.15 1 0
github.com/nghiapd-andpad/todo-project-intern/services/core-todo/internal/handler/update_todo.go:43.16,45.24 2 0
github.com/nghiapd-andpad/todo-project-intern/services/core-todo/internal/handler/update_todo.go:46.22,48.30 2 0
github.com/nghiapd-andpad/todo-project-intern/services/core-todo/internal/handler/update_todo.go:49.17,50.67 1 0
github.com/nghiapd-andpad/todo-project-intern/services/core-todo/internal/handler/update_todo.go:51.19,52.73 1 0
github.com/nghiapd-andpad/todo-project-intern/services/core-todo/internal/handler/update_todo.go:53.19,54.49 1 0
github.com/nghiapd-andpad/todo-project-intern/services/core-todo/internal/handler/update_todo.go:54.49,57.5 2 0
github.com/nghiapd-andpad/todo-project-intern/services/core-todo/internal/handler/update_todo.go:58.22,59.52 1 0
github.com/nghiapd-andpad/todo-project-intern/services/core-todo/internal/handler/update_todo.go:59.52,62.5 2 0
github.com/nghiapd-andpad/todo-project-intern/services/core-todo/internal/handler/update_todo.go:67.2,68.16 2 0
github.com/nghiapd-andpad/todo-project-intern/services/core-todo/internal/handler/update_todo.go:68.16,70.3 1 0
github.com/nghiapd-andpad/todo-project-intern/services/core-todo/internal/handler/update_todo.go:73.2,75.8 1 0
github.com/nghiapd-andpad/todo-project-intern/services/core-todo/internal/handler/update_todo_list.go:19.134,20.76 1 0
github.com/nghiapd-andpad/todo-project-intern/services/core-todo/internal/handler/update_todo_list.go:20.76,22.3 1 0
github.com/nghiapd-andpad/todo-project-intern/services/core-todo/internal/handler/update_todo_list.go:24.2,25.16 2 0
github.com/nghiapd-andpad/todo-project-intern/services/core-todo/internal/handler/update_todo_list.go:25.16,27.3 1 0
github.com/nghiapd-andpad/todo-project-intern/services/core-todo/internal/handler/update_todo_list.go:29.2,30.16 2 0
github.com/nghiapd-andpad/todo-project-intern/services/core-todo/internal/handler/update_todo_list.go:30.16,32.3 1 0
github.com/nghiapd-andpad/todo-project-intern/services/core-todo/internal/handler/update_todo_list.go:35.2,39.54 2 0
github.com/nghiapd-andpad/todo-project-intern/services/core-todo/internal/handler/update_todo_list.go:39.54,40.29 1 0
github.com/nghiapd-andpad/todo-project-intern/services/core-todo/internal/handler/update_todo_list.go:40.29,43.4 2 0
github.com/nghiapd-andpad/todo-project-intern/services/core-todo/internal/handler/update_todo_list.go:47.2,48.16 2 0
github.com/nghiapd-andpad/todo-project-intern/services/core-todo/internal/handler/update_todo_list.go:48.16,50.3 1 0
github.com/nghiapd-andpad/todo-project-intern/services/core-todo/internal/handler/update_todo_list.go:52.2,52.89 1 0
github.com/nghiapd-andpad/todo-project-intern/services/core-todo/internal/handler/errors/errors.go:13.30,14.16 1 0
github.com/nghiapd-andpad/todo-project-intern/services/core-todo/internal/handler/errors/errors.go:14.16,16.3 1 0
github.com/nghiapd-andpad/todo-project-intern/services/core-todo/internal/handler/errors/errors.go:18.2,19.29 2 0
github.com/nghiapd-andpad/todo-project-intern/services/core-todo/internal/handler/errors/errors.go:19.29,20.22 1 0
github.com/nghiapd-andpad/todo-project-intern/services/core-todo/internal/handler/errors/errors.go:21.27,22.55 1 0
github.com/nghiapd-andpad/todo-project-intern/services/core-todo/internal/handler/errors/errors.go:23.35,24.62 1 0
github.com/nghiapd-andpad/todo-project-intern/services/core-todo/internal/handler/errors/errors.go:25.24,26.63 1 0
github.com/nghiapd-andpad/todo-project-intern/services/core-todo/internal/handler/errors/errors.go:27.24,28.62 1 0
github.com/nghiapd-andpad/todo-project-intern/services/core-todo/internal/handler/errors/errors.go:29.27,30.55 1 0
github.com/nghiapd-andpad/todo-project-intern/services/core-todo/internal/handler/errors/errors.go:35.2,35.62 1 0
github.com/nghiapd-andpad/todo-project-intern/services/core-todo/internal/handler/interceptor/logging.go:15.88,16.23 1 0
github.com/nghiapd-andpad/todo-project-intern/services/core-todo/internal/handler/interceptor/logging.go:16.23,18.3 1 0
github.com/nghiapd-andpad/todo-project-intern/services/core-todo/internal/handler/interceptor/logging.go:20.2,25.17 1 0
github.com/nghiapd-andpad/todo-project-intern/services/core-todo/internal/handler/interceptor/logging.go:25.17,44.17 8 0
github.com/nghiapd-andpad/todo-project-intern/services/core-todo/internal/handler/interceptor/logging.go:44.17,50.4 2 0
github.com/nghiapd-andpad/todo-project-intern/services/core-todo/internal/handler/interceptor/logging.go:52.3,56.19 2 0
github.com/nghiapd-andpad/todo-project-intern/services/core-todo/internal/handler/interceptor/logging.go:61.73,65.21 3 0
github.com/nghiapd-andpad/todo-project-intern/services/core-todo/internal/handler/interceptor/logging.go:65.21,67.3 1 0
github.com/nghiapd-andpad/todo-project-intern/services/core-todo/internal/handler/interceptor/logging.go:69.2,69.27 1 0
github.com/nghiapd-andpad/todo-project-intern/services/core-todo/internal/infra/cronjob/cronjob.go:27.70,28.22 1 0
github.com/nghiapd-andpad/todo-project-intern/services/core-todo/internal/infra/cronjob/cronjob.go:28.22,30.3 1 0
github.com/nghiapd-andpad/todo-project-intern/services/core-todo/internal/infra/cronjob/cronjob.go:32.2,38.16 3 0
github.com/nghiapd-andpad/todo-project-intern/services/core-todo/internal/infra/cronjob/cronjob.go:38.16,40.3 1 0
github.com/nghiapd-andpad/todo-project-intern/services/core-todo/internal/infra/cronjob/cronjob.go:42.2,47.20 2 0
github.com/nghiapd-andpad/todo-project-intern/services/core-todo/internal/infra/cronjob/cronjob.go:47.20,48.34 1 0
github.com/nghiapd-andpad/todo-project-intern/services/core-todo/internal/infra/cronjob/cronjob.go:48.34,50.4 1 0
github.com/nghiapd-andpad/todo-project-intern/services/core-todo/internal/infra/cronjob/cronjob.go:53.2,53.24 1 0
github.com/nghiapd-andpad/todo-project-intern/services/core-todo/internal/infra/cronjob/cronjob.go:62.9,63.16 1 0
github.com/nghiapd-andpad/todo-project-intern/services/core-todo/internal/infra/cronjob/cronjob.go:63.16,65.3 1 0
github.com/nghiapd-andpad/todo-project-intern/services/core-todo/internal/infra/cronjob/cronjob.go:66.2,66.20 1 0
github.com/nghiapd-andpad/todo-project-intern/services/core-todo/internal/infra/cronjob/cronjob.go:66.20,68.3 1 0
github.com/nghiapd-andpad/todo-project-intern/services/core-todo/internal/infra/cronjob/cronjob.go:70.2,76.58 1 0
github.com/nghiapd-andpad/todo-project-intern/services/core-todo/internal/infra/cronjob/cronjob.go:76.58,80.5 1 0
github.com/nghiapd-andpad/todo-project-intern/services/core-todo/internal/infra/cronjob/cronjob.go:81.78,86.5 1 0
github.com/nghiapd-andpad/todo-project-intern/services/core-todo/internal/infra/cronjob/cronjob.go:87.74,92.5 1 0
github.com/nghiapd-andpad/todo-project-intern/services/core-todo/internal/infra/cronjob/cronjob.go:95.2,95.16 1 0
github.com/nghiapd-andpad/todo-project-intern/services/core-todo/internal/infra/cronjob/cronjob.go:95.16,97.3 1 0
github.com/nghiapd-andpad/todo-project-intern/services/core-todo/internal/infra/cronjob/cronjob.go:99.2,104.12 2 0
github.com/nghiapd-andpad/todo-project-intern/services/core-todo/internal/infra/cronjob/cronjob.go:107.29,110.2 2 0
github.com/nghiapd-andpad/todo-project-intern/services/core-todo/internal/infra/cronjob/cronjob.go:112.34,113.23 1 0
github.com/nghiapd-andpad/todo-project-intern/services/core-todo/internal/infra/cronjob/cronjob.go:113.23,114.29 1 0
github.com/nghiapd-andpad/todo-project-intern/services/core-todo/internal/infra/cronjob/cronjob.go:114.29,116.4 1 0
github.com/nghiapd-andpad/todo-project-intern/services/core-todo/internal/infra/cronjob/cronjob.go:118.2,118.18 1 0
github.com/nghiapd-andpad/todo-project-intern/services/core-todo/internal/infra/cronjob/logger.go:9.47,10.22 1 0
github.com/nghiapd-andpad/todo-project-intern/services/core-todo/internal/infra/cronjob/logger.go:10.22,12.3 1 0
github.com/nghiapd-andpad/todo-project-intern/services/core-todo/internal/infra/cronjob/logger.go:14.2,16.3 1 0
github.com/nghiapd-andpad/todo-project-intern/services/core-todo/internal/infra/cronjob/logger.go:19.49,21.2 1 0
github.com/nghiapd-andpad/todo-project-intern/services/core-todo/internal/infra/cronjob/logger.go:23.48,25.2 1 0
github.com/nghiapd-andpad/todo-project-intern/services/core-todo/internal/infra/cronjob/logger.go:27.48,29.2 1 0
github.com/nghiapd-andpad/todo-project-intern/services/core-todo/internal/infra/cronjob/logger.go:31.49,33.2 1 0
github.com/nghiapd-andpad/todo-project-intern/services/core-todo/internal/handler/mapper/todo.go:14.46,15.16 1 0
github.com/nghiapd-andpad/todo-project-intern/services/core-todo/internal/handler/mapper/todo.go:15.16,17.3 1 0
github.com/nghiapd-andpad/todo-project-intern/services/core-todo/internal/handler/mapper/todo.go:19.2,32.28 2 0
github.com/nghiapd-andpad/todo-project-intern/services/core-todo/internal/handler/mapper/todo.go:32.28,34.3 1 0
github.com/nghiapd-andpad/todo-project-intern/services/core-todo/internal/handler/mapper/todo.go:35.2,35.24 1 0
github.com/nghiapd-andpad/todo-project-intern/services/core-todo/internal/handler/mapper/todo.go:35.24,37.3 1 0
github.com/nghiapd-andpad/todo-project-intern/services/core-todo/internal/handler/mapper/todo.go:38.2,38.27 1 0
github.com/nghiapd-andpad/todo-project-intern/services/core-todo/internal/handler/mapper/todo.go:38.27,40.3 1 0
github.com/nghiapd-andpad/todo-project-intern/services/core-todo/internal/handler/mapper/todo.go:42.2,42.11 1 0
github.com/nghiapd-andpad/todo-project-intern/services/core-todo/internal/handler/mapper/todo.go:45.65,46.16 1 0
github.com/nghiapd-andpad/todo-project-intern/services/core-todo/internal/handler/mapper/todo.go:47.32,48.47 1 0
github.com/nghiapd-andpad/todo-project-intern/services/core-todo/internal/handler/mapper/todo.go:49.35,50.51 1 0
github.com/nghiapd-andpad/todo-project-intern/services/core-todo/internal/handler/mapper/todo.go:51.29,52.44 1 0
github.com/nghiapd-andpad/todo-project-intern/services/core-todo/internal/handler/mapper/todo.go:53.32,54.47 1 0
github.com/nghiapd-andpad/todo-project-intern/services/core-todo/internal/handler/mapper/todo.go:55.10,56.51 1 0
github.com/nghiapd-andpad/todo-project-intern/services/core-todo/internal/handler/mapper/todo.go:60.54,61.11 1 0
github.com/nghiapd-andpad/todo-project-intern/services/core-todo/internal/handler/mapper/todo.go:62.26,63.38 1 0
github.com/nghiapd-andpad/todo-project-intern/services/core-todo/internal/handler/mapper/todo.go:64.29,65.41 1 0
github.com/nghiapd-andpad/todo-project-intern/services/core-todo/internal/handler/mapper/todo.go:66.27,67.39 1 0
github.com/nghiapd-andpad/todo-project-intern/services/core-todo/internal/handler/mapper/todo.go:68.29,69.41 1 0
github.com/nghiapd-andpad/todo-project-intern/services/core-todo/internal/handler/mapper/todo.go:70.10,71.46 1 0
github.com/nghiapd-andpad/todo-project-intern/services/core-todo/internal/handler/mapper/todo.go:75.57,77.11 2 0
github.com/nghiapd-andpad/todo-project-intern/services/core-todo/internal/handler/mapper/todo.go:78.45,79.36 1 0
github.com/nghiapd-andpad/todo-project-intern/services/core-todo/internal/handler/mapper/todo.go:80.49,81.39 1 0
github.com/nghiapd-andpad/todo-project-intern/services/core-todo/internal/handler/mapper/todo.go:82.42,83.33 1 0
github.com/nghiapd-andpad/todo-project-intern/services/core-todo/internal/handler/mapper/todo.go:84.45,85.36 1 0
github.com/nghiapd-andpad/todo-project-intern/services/core-todo/internal/handler/mapper/todo.go:86.10,87.13 1 0
github.com/nghiapd-andpad/todo-project-intern/services/core-todo/internal/handler/mapper/todo.go:89.2,89.16 1 0
github.com/nghiapd-andpad/todo-project-intern/services/core-todo/internal/handler/mapper/todo.go:94.75,95.48 1 0
github.com/nghiapd-andpad/todo-project-intern/services/core-todo/internal/handler/mapper/todo.go:95.48,98.3 1 0
github.com/nghiapd-andpad/todo-project-intern/services/core-todo/internal/handler/mapper/todo.go:99.2,99.27 1 0
github.com/nghiapd-andpad/todo-project-intern/services/core-todo/internal/handler/mapper/todo.go:102.55,104.11 2 0
github.com/nghiapd-andpad/todo-project-intern/services/core-todo/internal/handler/mapper/todo.go:105.36,106.30 1 0
github.com/nghiapd-andpad/todo-project-intern/services/core-todo/internal/handler/mapper/todo.go:107.39,108.33 1 0
github.com/nghiapd-andpad/todo-project-intern/services/core-todo/internal/handler/mapper/todo.go:109.37,110.31 1 0
github.com/nghiapd-andpad/todo-project-intern/services/core-todo/internal/handler/mapper/todo.go:111.39,112.33 1 0
github.com/nghiapd-andpad/todo-project-intern/services/core-todo/internal/handler/mapper/todo.go:113.10,114.13 1 0
github.com/nghiapd-andpad/todo-project-intern/services/core-todo/internal/handler/mapper/todo.go:116.2,116.16 1 0
github.com/nghiapd-andpad/todo-project-intern/services/core-todo/internal/handler/mapper/todo.go:119.59,120.11 1 0
github.com/nghiapd-andpad/todo-project-intern/services/core-todo/internal/handler/mapper/todo.go:121.36,122.28 1 0
github.com/nghiapd-andpad/todo-project-intern/services/core-todo/internal/handler/mapper/todo.go:123.37,124.29 1 0
github.com/nghiapd-andpad/todo-project-intern/services/core-todo/internal/handler/mapper/todo.go:125.39,126.31 1 0
github.com/nghiapd-andpad/todo-project-intern/services/core-todo/internal/handler/mapper/todo.go:127.10,128.31 1 0
github.com/nghiapd-andpad/todo-project-intern/services/core-todo/internal/handler/mapper/todo_list.go:11.58,12.16 1 0
github.com/nghiapd-andpad/todo-project-intern/services/core-todo/internal/handler/mapper/todo_list.go:12.16,14.3 1 0
github.com/nghiapd-andpad/todo-project-intern/services/core-todo/internal/handler/mapper/todo_list.go:16.2,24.3 1 0
github.com/nghiapd-andpad/todo-project-intern/services/core-todo/internal/service/todo_creator.go:31.283,40.2 1 0
github.com/nghiapd-andpad/todo-project-intern/services/core-todo/internal/service/todo_creator.go:42.103,43.32 1 0
github.com/nghiapd-andpad/todo-project-intern/services/core-todo/internal/service/todo_creator.go:43.32,44.52 1 0
github.com/nghiapd-andpad/todo-project-intern/services/core-todo/internal/service/todo_creator.go:44.52,46.4 1 0
github.com/nghiapd-andpad/todo-project-intern/services/core-todo/internal/service/todo_creator.go:49.2,50.16 2 0
github.com/nghiapd-andpad/todo-project-intern/services/core-todo/internal/service/todo_creator.go:50.16,52.3 1 0
github.com/nghiapd-andpad/todo-project-intern/services/core-todo/internal/service/todo_creator.go:53.2,53.21 1 0
github.com/nghiapd-andpad/todo-project-intern/services/core-todo/internal/service/todo_creator.go:53.21,55.3 1 0
github.com/nghiapd-andpad/todo-project-intern/services/core-todo/internal/service/todo_creator.go:56.2,56.40 1 0
github.com/nghiapd-andpad/todo-project-intern/services/core-todo/internal/service/todo_creator.go:56.40,58.3 1 0
github.com/nghiapd-andpad/todo-project-intern/services/core-todo/internal/service/todo_creator.go:60.2,77.16 2 0
github.com/nghiapd-andpad/todo-project-intern/services/core-todo/internal/service/todo_creator.go:77.16,79.3 1 0
github.com/nghiapd-andpad/todo-project-intern/services/core-todo/internal/service/todo_creator.go:81.2,92.58 2 0
github.com/nghiapd-andpad/todo-project-intern/services/core-todo/internal/service/todo_creator.go:92.58,94.17 2 0
github.com/nghiapd-andpad/todo-project-intern/services/core-todo/internal/service/todo_creator.go:94.17,96.4 1 0
github.com/nghiapd-andpad/todo-project-intern/services/core-todo/internal/service/todo_creator.go:98.3,98.49 1 0
github.com/nghiapd-andpad/todo-project-intern/services/core-todo/internal/service/todo_creator.go:101.2,103.72 2 0
github.com/nghiapd-andpad/todo-project-intern/services/core-todo/internal/service/todo_creator.go:103.72,110.17 2 0
github.com/nghiapd-andpad/todo-project-intern/services/core-todo/internal/service/todo_creator.go:110.17,112.4 1 0
github.com/nghiapd-andpad/todo-project-intern/services/core-todo/internal/service/todo_creator.go:114.3,114.20 1 0
github.com/nghiapd-andpad/todo-project-intern/services/core-todo/internal/service/todo_creator.go:114.20,115.41 1 0
github.com/nghiapd-andpad/todo-project-intern/services/core-todo/internal/service/todo_creator.go:115.41,117.5 1 0
github.com/nghiapd-andpad/todo-project-intern/services/core-todo/internal/service/todo_creator.go:119.4,119.65 1 0
github.com/nghiapd-andpad/todo-project-intern/services/core-todo/internal/service/todo_creator.go:119.65,120.33 1 0
github.com/nghiapd-andpad/todo-project-intern/services/core-todo/internal/service/todo_creator.go:120.33,122.6 1 0
github.com/nghiapd-andpad/todo-project-intern/services/core-todo/internal/service/todo_creator.go:124.5,129.19 2 0
github.com/nghiapd-andpad/todo-project-intern/services/core-todo/internal/service/todo_creator.go:129.19,131.6 1 0
github.com/nghiapd-andpad/todo-project-intern/services/core-todo/internal/service/todo_creator.go:132.5,132.24 1 0
github.com/nghiapd-andpad/todo-project-intern/services/core-todo/internal/service/todo_creator.go:132.24,134.6 1 0
github.com/nghiapd-andpad/todo-project-intern/services/core-todo/internal/service/todo_creator.go:136.5,137.15 2 0
github.com/nghiapd-andpad/todo-project-intern/services/core-todo/internal/service/todo_creator.go:140.4,140.66 1 0
github.com/nghiapd-andpad/todo-project-intern/services/core-todo/internal/service/todo_creator.go:140.66,142.5 1 0
github.com/nghiapd-andpad/todo-project-intern/services/core-todo/internal/service/todo_creator.go:144.4,144.72 1 0
github.com/nghiapd-andpad/todo-project-intern/services/core-todo/internal/service/todo_creator.go:147.3,154.17 2 0
github.com/nghiapd-andpad/todo-project-intern/services/core-todo/internal/service/todo_creator.go:154.17,156.4 1 0
github.com/nghiapd-andpad/todo-project-intern/services/core-todo/internal/service/todo_creator.go:158.3,159.17 2 0
github.com/nghiapd-andpad/todo-project-intern/services/core-todo/internal/service/todo_creator.go:159.17,161.4 1 0
github.com/nghiapd-andpad/todo-project-intern/services/core-todo/internal/service/todo_creator.go:163.3,163.97 1 0
github.com/nghiapd-andpad/todo-project-intern/services/core-todo/internal/service/todo_creator.go:163.97,165.4 1 0
github.com/nghiapd-andpad/todo-project-intern/services/core-todo/internal/service/todo_creator.go:167.3,167.13 1 0
github.com/nghiapd-andpad/todo-project-intern/services/core-todo/internal/service/todo_creator.go:169.2,169.16 1 0
github.com/nghiapd-andpad/todo-project-intern/services/core-todo/internal/service/todo_creator.go:169.16,171.3 1 0
github.com/nghiapd-andpad/todo-project-intern/services/core-todo/internal/service/todo_creator.go:173.2,173.48 1 0
github.com/nghiapd-andpad/todo-project-intern/services/core-todo/internal/service/todo_creator.go:176.58,178.51 2 0
github.com/nghiapd-andpad/todo-project-intern/services/core-todo/internal/service/todo_creator.go:178.51,179.61 1 0
github.com/nghiapd-andpad/todo-project-intern/services/core-todo/internal/service/todo_creator.go:179.61,182.4 1 0
github.com/nghiapd-andpad/todo-project-intern/services/core-todo/internal/service/todo_creator.go:184.2,184.12 1 0
github.com/nghiapd-andpad/todo-project-intern/services/core-todo/internal/service/todo_deleter.go:23.16,29.2 1 7
github.com/nghiapd-andpad/todo-project-intern/services/core-todo/internal/service/todo_deleter.go:31.103,33.16 2 7
github.com/nghiapd-andpad/todo-project-intern/services/core-todo/internal/service/todo_deleter.go:33.16,35.3 1 1
github.com/nghiapd-andpad/todo-project-intern/services/core-todo/internal/service/todo_deleter.go:36.2,36.17 1 6
github.com/nghiapd-andpad/todo-project-intern/services/core-todo/internal/service/todo_deleter.go:36.17,38.3 1 1
github.com/nghiapd-andpad/todo-project-intern/services/core-todo/internal/service/todo_deleter.go:40.2,41.16 2 5
github.com/nghiapd-andpad/todo-project-intern/services/core-todo/internal/service/todo_deleter.go:41.16,43.3 1 1
github.com/nghiapd-andpad/todo-project-intern/services/core-todo/internal/service/todo_deleter.go:44.2,44.21 1 4
github.com/nghiapd-andpad/todo-project-intern/services/core-todo/internal/service/todo_deleter.go:44.21,46.3 1 1
github.com/nghiapd-andpad/todo-project-intern/services/core-todo/internal/service/todo_deleter.go:48.2,48.40 1 3
github.com/nghiapd-andpad/todo-project-intern/services/core-todo/internal/service/todo_deleter.go:48.40,50.3 1 1
github.com/nghiapd-andpad/todo-project-intern/services/core-todo/internal/service/todo_deleter.go:52.2,52.69 1 2
github.com/nghiapd-andpad/todo-project-intern/services/core-todo/internal/service/todo_deleter.go:52.69,54.3 1 1
github.com/nghiapd-andpad/todo-project-intern/services/core-todo/internal/service/todo_deleter.go:56.2,56.35 1 1
github.com/nghiapd-andpad/todo-project-intern/services/core-todo/internal/service/todo_getter.go:18.134,23.2 1 8
github.com/nghiapd-andpad/todo-project-intern/services/core-todo/internal/service/todo_getter.go:25.97,27.16 2 8
github.com/nghiapd-andpad/todo-project-intern/services/core-todo/internal/service/todo_getter.go:27.16,29.3 1 1
github.com/nghiapd-andpad/todo-project-intern/services/core-todo/internal/service/todo_getter.go:30.2,30.17 1 7
github.com/nghiapd-andpad/todo-project-intern/services/core-todo/internal/service/todo_getter.go:30.17,32.3 1 1
github.com/nghiapd-andpad/todo-project-intern/services/core-todo/internal/service/todo_getter.go:34.2,35.16 2 6
github.com/nghiapd-andpad/todo-project-intern/services/core-todo/internal/service/todo_getter.go:35.16,37.3 1 1
github.com/nghiapd-andpad/todo-project-intern/services/core-todo/internal/service/todo_getter.go:38.2,38.21 1 5
github.com/nghiapd-andpad/todo-project-intern/services/core-todo/internal/service/todo_getter.go:38.21,40.3 1 1
github.com/nghiapd-andpad/todo-project-intern/services/core-todo/internal/service/todo_getter.go:42.2,42.106 1 4
github.com/nghiapd-andpad/todo-project-intern/services/core-todo/internal/service/todo_getter.go:42.106,44.3 1 2
github.com/nghiapd-andpad/todo-project-intern/services/core-todo/internal/service/todo_getter.go:46.2,46.44 1 2
github.com/nghiapd-andpad/todo-project-intern/services/core-todo/internal/service/todo_list_creator.go:31.20,38.2 1 0
github.com/nghiapd-andpad/todo-project-intern/services/core-todo/internal/service/todo_list_creator.go:40.115,48.16 2 0
github.com/nghiapd-andpad/todo-project-intern/services/core-todo/internal/service/todo_list_creator.go:48.16,50.3 1 0
github.com/nghiapd-andpad/todo-project-intern/services/core-todo/internal/service/todo_list_creator.go:52.2,57.58 2 0
github.com/nghiapd-andpad/todo-project-intern/services/core-todo/internal/service/todo_list_creator.go:57.58,59.17 2 0
github.com/nghiapd-andpad/todo-project-intern/services/core-todo/internal/service/todo_list_creator.go:59.17,61.4 1 0
github.com/nghiapd-andpad/todo-project-intern/services/core-todo/internal/service/todo_list_creator.go:63.3,63.57 1 0
github.com/nghiapd-andpad/todo-project-intern/services/core-todo/internal/service/todo_list_creator.go:66.2,68.72 2 0
github.com/nghiapd-andpad/todo-project-intern/services/core-todo/internal/service/todo_list_creator.go:68.72,75.17 2 0
github.com/nghiapd-andpad/todo-project-intern/services/core-todo/internal/service/todo_list_creator.go:75.17,77.4 1 0
github.com/nghiapd-andpad/todo-project-intern/services/core-todo/internal/service/todo_list_creator.go:79.3,79.20 1 0
github.com/nghiapd-andpad/todo-project-intern/services/core-todo/internal/service/todo_list_creator.go:79.20,80.41 1 0
github.com/nghiapd-andpad/todo-project-intern/services/core-todo/internal/service/todo_list_creator.go:80.41,82.5 1 0
github.com/nghiapd-andpad/todo-project-intern/services/core-todo/internal/service/todo_list_creator.go:84.4,84.65 1 0
github.com/nghiapd-andpad/todo-project-intern/services/core-todo/internal/service/todo_list_creator.go:84.65,85.33 1 0
github.com/nghiapd-andpad/todo-project-intern/services/core-todo/internal/service/todo_list_creator.go:85.33,87.6 1 0
github.com/nghiapd-andpad/todo-project-intern/services/core-todo/internal/service/todo_list_creator.go:89.5,93.19 2 0
github.com/nghiapd-andpad/todo-project-intern/services/core-todo/internal/service/todo_list_creator.go:93.19,95.6 1 0
github.com/nghiapd-andpad/todo-project-intern/services/core-todo/internal/service/todo_list_creator.go:96.5,96.24 1 0
github.com/nghiapd-andpad/todo-project-intern/services/core-todo/internal/service/todo_list_creator.go:96.24,98.6 1 0
github.com/nghiapd-andpad/todo-project-intern/services/core-todo/internal/service/todo_list_creator.go:100.5,101.15 2 0
github.com/nghiapd-andpad/todo-project-intern/services/core-todo/internal/service/todo_list_creator.go:104.4,104.66 1 0
github.com/nghiapd-andpad/todo-project-intern/services/core-todo/internal/service/todo_list_creator.go:104.66,106.5 1 0
github.com/nghiapd-andpad/todo-project-intern/services/core-todo/internal/service/todo_list_creator.go:108.4,108.72 1 0
github.com/nghiapd-andpad/todo-project-intern/services/core-todo/internal/service/todo_list_creator.go:111.3,118.17 2 0
github.com/nghiapd-andpad/todo-project-intern/services/core-todo/internal/service/todo_list_creator.go:118.17,120.4 1 0
github.com/nghiapd-andpad/todo-project-intern/services/core-todo/internal/service/todo_list_creator.go:122.3,123.17 2 0
github.com/nghiapd-andpad/todo-project-intern/services/core-todo/internal/service/todo_list_creator.go:123.17,125.4 1 0
github.com/nghiapd-andpad/todo-project-intern/services/core-todo/internal/service/todo_list_creator.go:127.3,127.97 1 0
github.com/nghiapd-andpad/todo-project-intern/services/core-todo/internal/service/todo_list_creator.go:127.97,129.4 1 0
github.com/nghiapd-andpad/todo-project-intern/services/core-todo/internal/service/todo_list_creator.go:131.3,131.13 1 0
github.com/nghiapd-andpad/todo-project-intern/services/core-todo/internal/service/todo_list_creator.go:133.2,133.16 1 0
github.com/nghiapd-andpad/todo-project-intern/services/core-todo/internal/service/todo_list_creator.go:133.16,135.3 1 0
github.com/nghiapd-andpad/todo-project-intern/services/core-todo/internal/service/todo_list_creator.go:137.2,137.56 1 0
github.com/nghiapd-andpad/todo-project-intern/services/core-todo/internal/service/todo_list_deleter.go:25.20,32.2 1 7
github.com/nghiapd-andpad/todo-project-intern/services/core-todo/internal/service/todo_list_deleter.go:34.115,36.16 2 7
github.com/nghiapd-andpad/todo-project-intern/services/core-todo/internal/service/todo_list_deleter.go:36.16,38.3 1 1
github.com/nghiapd-andpad/todo-project-intern/services/core-todo/internal/service/todo_list_deleter.go:39.2,39.21 1 6
github.com/nghiapd-andpad/todo-project-intern/services/core-todo/internal/service/todo_list_deleter.go:39.21,42.3 1 1
github.com/nghiapd-andpad/todo-project-intern/services/core-todo/internal/service/todo_list_deleter.go:44.2,44.40 1 5
github.com/nghiapd-andpad/todo-project-intern/services/core-todo/internal/service/todo_list_deleter.go:44.40,48.3 1 1
github.com/nghiapd-andpad/todo-project-intern/services/core-todo/internal/service/todo_list_deleter.go:50.2,50.72 1 4
github.com/nghiapd-andpad/todo-project-intern/services/core-todo/internal/service/todo_list_deleter.go:50.72,51.88 1 3
github.com/nghiapd-andpad/todo-project-intern/services/core-todo/internal/service/todo_list_deleter.go:51.88,53.4 1 1
github.com/nghiapd-andpad/todo-project-intern/services/core-todo/internal/service/todo_list_deleter.go:55.3,55.80 1 2
github.com/nghiapd-andpad/todo-project-intern/services/core-todo/internal/service/todo_list_deleter.go:55.80,57.4 1 1
github.com/nghiapd-andpad/todo-project-intern/services/core-todo/internal/service/todo_list_deleter.go:59.3,59.13 1 1
github.com/nghiapd-andpad/todo-project-intern/services/core-todo/internal/service/todo_list_deleter.go:61.2,61.16 1 4
github.com/nghiapd-andpad/todo-project-intern/services/core-todo/internal/service/todo_list_deleter.go:61.16,63.3 1 3
github.com/nghiapd-andpad/todo-project-intern/services/core-todo/internal/service/todo_list_deleter.go:65.2,65.39 1 1
github.com/nghiapd-andpad/todo-project-intern/services/core-todo/internal/service/todo_list_getter.go:17.95,19.2 1 4
github.com/nghiapd-andpad/todo-project-intern/services/core-todo/internal/service/todo_list_getter.go:21.109,23.16 2 4
github.com/nghiapd-andpad/todo-project-intern/services/core-todo/internal/service/todo_list_getter.go:23.16,25.3 1 1
github.com/nghiapd-andpad/todo-project-intern/services/core-todo/internal/service/todo_list_getter.go:26.2,26.21 1 3
github.com/nghiapd-andpad/todo-project-intern/services/core-todo/internal/service/todo_list_getter.go:26.21,29.3 1 1
github.com/nghiapd-andpad/todo-project-intern/services/core-todo/internal/service/todo_list_getter.go:31.2,31.40 1 2
github.com/nghiapd-andpad/todo-project-intern/services/core-todo/internal/service/todo_list_getter.go:31.40,35.3 1 1
github.com/nghiapd-andpad/todo-project-intern/services/core-todo/internal/service/todo_list_getter.go:37.2,37.56 1 1
github.com/nghiapd-andpad/todo-project-intern/services/core-todo/internal/service/todo_list_lister.go:18.95,20.2 1 6
github.com/nghiapd-andpad/todo-project-intern/services/core-todo/internal/service/todo_list_lister.go:22.110,26.16 3 6
github.com/nghiapd-andpad/todo-project-intern/services/core-todo/internal/service/todo_list_lister.go:26.16,28.3 1 1
github.com/nghiapd-andpad/todo-project-intern/services/core-todo/internal/service/todo_list_lister.go:30.2,32.8 1 5
github.com/nghiapd-andpad/todo-project-intern/services/core-todo/internal/service/todo_list_lister.go:35.104,42.19 2 6
github.com/nghiapd-andpad/todo-project-intern/services/core-todo/internal/service/todo_list_lister.go:43.33,44.33 1 1
github.com/nghiapd-andpad/todo-project-intern/services/core-todo/internal/service/todo_list_lister.go:46.36,47.36 1 1
github.com/nghiapd-andpad/todo-project-intern/services/core-todo/internal/service/todo_list_lister.go:49.10,51.36 2 4
github.com/nghiapd-andpad/todo-project-intern/services/core-todo/internal/service/todo_list_lister.go:54.2,54.13 1 6
github.com/nghiapd-andpad/todo-project-intern/services/core-todo/internal/service/todo_list_updater.go:21.20,26.2 1 6
github.com/nghiapd-andpad/todo-project-intern/services/core-todo/internal/service/todo_list_updater.go:28.115,30.16 2 6
github.com/nghiapd-andpad/todo-project-intern/services/core-todo/internal/service/todo_list_updater.go:30.16,32.3 1 1
github.com/nghiapd-andpad/todo-project-intern/services/core-todo/internal/service/todo_list_updater.go:33.2,33.21 1 5
github.com/nghiapd-andpad/todo-project-intern/services/core-todo/internal/service/todo_list_updater.go:33.21,36.3 1 1
github.com/nghiapd-andpad/todo-project-intern/services/core-todo/internal/service/todo_list_updater.go:38.2,38.40 1 4
github.com/nghiapd-andpad/todo-project-intern/services/core-todo/internal/service/todo_list_updater.go:38.40,42.3 1 1
github.com/nghiapd-andpad/todo-project-intern/services/core-todo/internal/service/todo_list_updater.go:44.2,46.20 2 3
github.com/nghiapd-andpad/todo-project-intern/services/core-todo/internal/service/todo_list_updater.go:46.20,48.3 1 2
github.com/nghiapd-andpad/todo-project-intern/services/core-todo/internal/service/todo_list_updater.go:50.2,51.16 2 3
github.com/nghiapd-andpad/todo-project-intern/services/core-todo/internal/service/todo_list_updater.go:51.16,53.3 1 1
github.com/nghiapd-andpad/todo-project-intern/services/core-todo/internal/service/todo_list_updater.go:55.2,55.56 1 2
github.com/nghiapd-andpad/todo-project-intern/services/core-todo/internal/service/todo_lister.go:20.134,25.2 1 7
github.com/nghiapd-andpad/todo-project-intern/services/core-todo/internal/service/todo_lister.go:27.98,29.16 2 7
github.com/nghiapd-andpad/todo-project-intern/services/core-todo/internal/service/todo_lister.go:29.16,31.3 1 1
github.com/nghiapd-andpad/todo-project-intern/services/core-todo/internal/service/todo_lister.go:32.2,32.21 1 6
github.com/nghiapd-andpad/todo-project-intern/services/core-todo/internal/service/todo_lister.go:32.21,34.3 1 1
github.com/nghiapd-andpad/todo-project-intern/services/core-todo/internal/service/todo_lister.go:36.2,39.16 3 5
github.com/nghiapd-andpad/todo-project-intern/services/core-todo/internal/service/todo_lister.go:39.16,41.3 1 1
github.com/nghiapd-andpad/todo-project-intern/services/core-todo/internal/service/todo_lister.go:43.2,45.8 1 4
github.com/nghiapd-andpad/todo-project-intern/services/core-todo/internal/service/todo_lister.go:48.119,58.40 2 5
github.com/nghiapd-andpad/todo-project-intern/services/core-todo/internal/service/todo_lister.go:58.40,60.3 1 4
github.com/nghiapd-andpad/todo-project-intern/services/core-todo/internal/service/todo_lister.go:60.8,62.3 1 1
github.com/nghiapd-andpad/todo-project-intern/services/core-todo/internal/service/todo_lister.go:64.2,64.13 1 5
github.com/nghiapd-andpad/todo-project-intern/services/core-todo/internal/service/todo_overdue_marker.go:25.22,30.2 1 0
github.com/nghiapd-andpad/todo-project-intern/services/core-todo/internal/service/todo_overdue_marker.go:35.38,36.15 1 0
github.com/nghiapd-andpad/todo-project-intern/services/core-todo/internal/service/todo_overdue_marker.go:36.15,38.3 1 0
github.com/nghiapd-andpad/todo-project-intern/services/core-todo/internal/service/todo_overdue_marker.go:39.2,39.22 1 0
github.com/nghiapd-andpad/todo-project-intern/services/core-todo/internal/service/todo_overdue_marker.go:39.22,41.3 1 0
github.com/nghiapd-andpad/todo-project-intern/services/core-todo/internal/service/todo_overdue_marker.go:42.2,42.23 1 0
github.com/nghiapd-andpad/todo-project-intern/services/core-todo/internal/service/todo_overdue_marker.go:42.23,44.3 1 0
github.com/nghiapd-andpad/todo-project-intern/services/core-todo/internal/service/todo_overdue_marker.go:45.2,45.24 1 0
github.com/nghiapd-andpad/todo-project-intern/services/core-todo/internal/service/todo_overdue_marker.go:45.24,47.3 1 0
github.com/nghiapd-andpad/todo-project-intern/services/core-todo/internal/service/todo_overdue_marker.go:49.2,59.49 5 0
github.com/nghiapd-andpad/todo-project-intern/services/core-todo/internal/service/todo_overdue_marker.go:59.49,61.17 2 0
github.com/nghiapd-andpad/todo-project-intern/services/core-todo/internal/service/todo_overdue_marker.go:61.17,63.4 1 0
github.com/nghiapd-andpad/todo-project-intern/services/core-todo/internal/service/todo_overdue_marker.go:65.3,65.20 1 0
github.com/nghiapd-andpad/todo-project-intern/services/core-todo/internal/service/todo_overdue_marker.go:65.20,67.9 2 0
github.com/nghiapd-andpad/todo-project-intern/services/core-todo/internal/service/todo_overdue_marker.go:70.3,71.17 2 0
github.com/nghiapd-andpad/todo-project-intern/services/core-todo/internal/service/todo_overdue_marker.go:71.17,73.4 1 0
github.com/nghiapd-andpad/todo-project-intern/services/core-todo/internal/service/todo_overdue_marker.go:75.3,85.30 4 0
github.com/nghiapd-andpad/todo-project-intern/services/core-todo/internal/service/todo_overdue_marker.go:85.30,87.9 2 0
github.com/nghiapd-andpad/todo-project-intern/services/core-todo/internal/service/todo_overdue_marker.go:92.3,92.31 1 0
github.com/nghiapd-andpad/todo-project-intern/services/core-todo/internal/service/todo_overdue_marker.go:92.31,94.4 1 0
github.com/nghiapd-andpad/todo-project-intern/services/core-todo/internal/service/todo_overdue_marker.go:96.3,96.51 1 0
github.com/nghiapd-andpad/todo-project-intern/services/core-todo/internal/service/todo_overdue_marker.go:96.51,98.4 1 0
github.com/nghiapd-andpad/todo-project-intern/services/core-todo/internal/service/todo_overdue_marker.go:101.2,111.8 2 0
github.com/nghiapd-andpad/todo-project-intern/services/core-todo/internal/service/todo_soft_deleted_cleaner.go:31.27,39.2 1 0
github.com/nghiapd-andpad/todo-project-intern/services/core-todo/internal/service/todo_soft_deleted_cleaner.go:44.43,45.15 1 0
github.com/nghiapd-andpad/todo-project-intern/services/core-todo/internal/service/todo_soft_deleted_cleaner.go:45.15,47.3 1 0
github.com/nghiapd-andpad/todo-project-intern/services/core-todo/internal/service/todo_soft_deleted_cleaner.go:48.2,48.22 1 0
github.com/nghiapd-andpad/todo-project-intern/services/core-todo/internal/service/todo_soft_deleted_cleaner.go:48.22,50.3 1 0
github.com/nghiapd-andpad/todo-project-intern/services/core-todo/internal/service/todo_soft_deleted_cleaner.go:51.2,51.27 1 0
github.com/nghiapd-andpad/todo-project-intern/services/core-todo/internal/service/todo_soft_deleted_cleaner.go:51.27,53.3 1 0
github.com/nghiapd-andpad/todo-project-intern/services/core-todo/internal/service/todo_soft_deleted_cleaner.go:54.2,54.23 1 0
github.com/nghiapd-andpad/todo-project-intern/services/core-todo/internal/service/todo_soft_deleted_cleaner.go:54.23,56.3 1 0
github.com/nghiapd-andpad/todo-project-intern/services/core-todo/internal/service/todo_soft_deleted_cleaner.go:57.2,57.24 1 0
github.com/nghiapd-andpad/todo-project-intern/services/core-todo/internal/service/todo_soft_deleted_cleaner.go:57.24,59.3 1 0
github.com/nghiapd-andpad/todo-project-intern/services/core-todo/internal/service/todo_soft_deleted_cleaner.go:61.2,70.33 3 0
github.com/nghiapd-andpad/todo-project-intern/services/core-todo/internal/service/todo_soft_deleted_cleaner.go:70.33,77.74 2 0
github.com/nghiapd-andpad/todo-project-intern/services/core-todo/internal/service/todo_soft_deleted_cleaner.go:77.74,79.18 2 0
github.com/nghiapd-andpad/todo-project-intern/services/core-todo/internal/service/todo_soft_deleted_cleaner.go:79.18,81.5 1 0
github.com/nghiapd-andpad/todo-project-intern/services/core-todo/internal/service/todo_soft_deleted_cleaner.go:83.4,84.34 2 0
github.com/nghiapd-andpad/todo-project-intern/services/core-todo/internal/service/todo_soft_deleted_cleaner.go:84.34,86.5 1 0
github.com/nghiapd-andpad/todo-project-intern/services/core-todo/internal/service/todo_soft_deleted_cleaner.go:88.4,89.18 2 0
github.com/nghiapd-andpad/todo-project-intern/services/core-todo/internal/service/todo_soft_deleted_cleaner.go:89.18,91.5 1 0
github.com/nghiapd-andpad/todo-project-intern/services/core-todo/internal/service/todo_soft_deleted_cleaner.go:93.4,94.18 2 0
github.com/nghiapd-andpad/todo-project-intern/services/core-todo/internal/service/todo_soft_deleted_cleaner.go:94.18,96.5 1 0
github.com/nghiapd-andpad/todo-project-intern/services/core-todo/internal/service/todo_soft_deleted_cleaner.go:98.4,98.14 1 0
github.com/nghiapd-andpad/todo-project-intern/services/core-todo/internal/service/todo_soft_deleted_cleaner.go:100.3,100.17 1 0
github.com/nghiapd-andpad/todo-project-intern/services/core-todo/internal/service/todo_soft_deleted_cleaner.go:100.17,102.4 1 0
github.com/nghiapd-andpad/todo-project-intern/services/core-todo/internal/service/todo_soft_deleted_cleaner.go:104.3,104.33 1 0
github.com/nghiapd-andpad/todo-project-intern/services/core-todo/internal/service/todo_soft_deleted_cleaner.go:104.33,105.9 1 0
github.com/nghiapd-andpad/todo-project-intern/services/core-todo/internal/service/todo_soft_deleted_cleaner.go:108.3,119.43 5 0
github.com/nghiapd-andpad/todo-project-intern/services/core-todo/internal/service/todo_soft_deleted_cleaner.go:119.43,120.9 1 0
github.com/nghiapd-andpad/todo-project-intern/services/core-todo/internal/service/todo_soft_deleted_cleaner.go:123.3,123.34 1 0
github.com/nghiapd-andpad/todo-project-intern/services/core-todo/internal/service/todo_soft_deleted_cleaner.go:123.34,125.9 2 0
github.com/nghiapd-andpad/todo-project-intern/services/core-todo/internal/service/todo_soft_deleted_cleaner.go:128.3,128.24 1 0
github.com/nghiapd-andpad/todo-project-intern/services/core-todo/internal/service/todo_soft_deleted_cleaner.go:128.24,129.11 1 0
github.com/nghiapd-andpad/todo-project-intern/services/core-todo/internal/service/todo_soft_deleted_cleaner.go:130.37,130.37 0 0
github.com/nghiapd-andpad/todo-project-intern/services/core-todo/internal/service/todo_soft_deleted_cleaner.go:131.22,132.26 1 0
github.com/nghiapd-andpad/todo-project-intern/services/core-todo/internal/service/todo_soft_deleted_cleaner.go:138.2,138.33 1 0
github.com/nghiapd-andpad/todo-project-intern/services/core-todo/internal/service/todo_soft_deleted_cleaner.go:138.33,140.17 2 0
github.com/nghiapd-andpad/todo-project-intern/services/core-todo/internal/service/todo_soft_deleted_cleaner.go:140.17,142.4 1 0
github.com/nghiapd-andpad/todo-project-intern/services/core-todo/internal/service/todo_soft_deleted_cleaner.go:144.3,144.20 1 0
github.com/nghiapd-andpad/todo-project-intern/services/core-todo/internal/service/todo_soft_deleted_cleaner.go:144.20,145.9 1 0
github.com/nghiapd-andpad/todo-project-intern/services/core-todo/internal/service/todo_soft_deleted_cleaner.go:148.3,149.17 2 0
github.com/nghiapd-andpad/todo-project-intern/services/core-todo/internal/service/todo_soft_deleted_cleaner.go:149.17,151.4 1 0
github.com/nghiapd-andpad/todo-project-intern/services/core-todo/internal/service/todo_soft_deleted_cleaner.go:153.3,156.30 3 0
github.com/nghiapd-andpad/todo-project-intern/services/core-todo/internal/service/todo_soft_deleted_cleaner.go:156.30,157.9 1 0
github.com/nghiapd-andpad/todo-project-intern/services/core-todo/internal/service/todo_soft_deleted_cleaner.go:160.3,160.34 1 0
github.com/nghiapd-andpad/todo-project-intern/services/core-todo/internal/service/todo_soft_deleted_cleaner.go:160.34,162.9 2 0
github.com/nghiapd-andpad/todo-project-intern/services/core-todo/internal/service/todo_soft_deleted_cleaner.go:165.3,165.24 1 0
github.com/nghiapd-andpad/todo-project-intern/services/core-todo/internal/service/todo_soft_deleted_cleaner.go:165.24,166.11 1 0
github.com/nghiapd-andpad/todo-project-intern/services/core-todo/internal/service/todo_soft_deleted_cleaner.go:167.37,167.37 0 0
github.com/nghiapd-andpad/todo-project-intern/services/core-todo/internal/service/todo_soft_deleted_cleaner.go:168.22,169.26 1 0
github.com/nghiapd-andpad/todo-project-intern/services/core-todo/internal/service/todo_soft_deleted_cleaner.go:175.2,180.8 1 0
github.com/nghiapd-andpad/todo-project-intern/services/core-todo/internal/service/todo_updater.go:23.16,29.2 1 11
github.com/nghiapd-andpad/todo-project-intern/services/core-todo/internal/service/todo_updater.go:31.103,33.16 2 11
github.com/nghiapd-andpad/todo-project-intern/services/core-todo/internal/service/todo_updater.go:33.16,35.3 1 1
github.com/nghiapd-andpad/todo-project-intern/services/core-todo/internal/service/todo_updater.go:36.2,36.17 1 10
github.com/nghiapd-andpad/todo-project-intern/services/core-todo/internal/service/todo_updater.go:36.17,38.3 1 1
github.com/nghiapd-andpad/todo-project-intern/services/core-todo/internal/service/todo_updater.go:40.2,41.16 2 9
github.com/nghiapd-andpad/todo-project-intern/services/core-todo/internal/service/todo_updater.go:41.16,43.3 1 1
github.com/nghiapd-andpad/todo-project-intern/services/core-todo/internal/service/todo_updater.go:44.2,44.21 1 8
github.com/nghiapd-andpad/todo-project-intern/services/core-todo/internal/service/todo_updater.go:44.21,46.3 1 1
github.com/nghiapd-andpad/todo-project-intern/services/core-todo/internal/service/todo_updater.go:48.2,50.29 3 7
github.com/nghiapd-andpad/todo-project-intern/services/core-todo/internal/service/todo_updater.go:50.29,52.3 1 2
github.com/nghiapd-andpad/todo-project-intern/services/core-todo/internal/service/todo_updater.go:54.2,56.13 2 5
github.com/nghiapd-andpad/todo-project-intern/services/core-todo/internal/service/todo_updater.go:56.13,58.3 1 3
github.com/nghiapd-andpad/todo-project-intern/services/core-todo/internal/service/todo_updater.go:58.8,61.3 1 2
github.com/nghiapd-andpad/todo-project-intern/services/core-todo/internal/service/todo_updater.go:63.2,64.16 2 5
github.com/nghiapd-andpad/todo-project-intern/services/core-todo/internal/service/todo_updater.go:64.16,66.3 1 1
github.com/nghiapd-andpad/todo-project-intern/services/core-todo/internal/service/todo_updater.go:68.2,68.48 1 4
github.com/nghiapd-andpad/todo-project-intern/services/core-todo/internal/service/todo_updater.go:71.71,72.25 1 3
github.com/nghiapd-andpad/todo-project-intern/services/core-todo/internal/service/todo_updater.go:72.25,74.3 1 2
github.com/nghiapd-andpad/todo-project-intern/services/core-todo/internal/service/todo_updater.go:75.2,75.31 1 3
github.com/nghiapd-andpad/todo-project-intern/services/core-todo/internal/service/todo_updater.go:75.31,77.3 1 2
github.com/nghiapd-andpad/todo-project-intern/services/core-todo/internal/service/todo_updater.go:78.2,78.26 1 3
github.com/nghiapd-andpad/todo-project-intern/services/core-todo/internal/service/todo_updater.go:78.26,80.3 1 2
github.com/nghiapd-andpad/todo-project-intern/services/core-todo/internal/service/todo_updater.go:81.2,81.28 1 3
github.com/nghiapd-andpad/todo-project-intern/services/core-todo/internal/service/todo_updater.go:81.28,83.3 1 2
github.com/nghiapd-andpad/todo-project-intern/services/core-todo/internal/service/todo_updater.go:84.2,84.27 1 3
github.com/nghiapd-andpad/todo-project-intern/services/core-todo/internal/service/todo_updater.go:84.27,86.3 1 2
github.com/nghiapd-andpad/todo-project-intern/services/core-todo/internal/service/todo_updater.go:87.2,87.30 1 3
github.com/nghiapd-andpad/todo-project-intern/services/core-todo/internal/service/todo_updater.go:87.30,89.3 1 2
github.com/nghiapd-andpad/todo-project-intern/services/core-todo/internal/service/todo_updater.go:92.76,93.26 1 2
github.com/nghiapd-andpad/todo-project-intern/services/core-todo/internal/service/todo_updater.go:93.26,95.3 1 1
github.com/nghiapd-andpad/todo-project-intern/services/core-todo/internal/infra/persistence/database.go:14.64,19.16 3 0
github.com/nghiapd-andpad/todo-project-intern/services/core-todo/internal/infra/persistence/database.go:19.16,21.3 1 0
github.com/nghiapd-andpad/todo-project-intern/services/core-todo/internal/infra/persistence/database.go:23.2,23.98 1 0
github.com/nghiapd-andpad/todo-project-intern/services/core-todo/internal/infra/persistence/database.go:23.98,25.3 1 0
github.com/nghiapd-andpad/todo-project-intern/services/core-todo/internal/infra/persistence/database.go:27.2,27.20 1 0
github.com/nghiapd-andpad/todo-project-intern/services/core-todo/internal/infra/persistence/database.go:27.20,29.17 2 0
github.com/nghiapd-andpad/todo-project-intern/services/core-todo/internal/infra/persistence/database.go:29.17,32.4 2 0
github.com/nghiapd-andpad/todo-project-intern/services/core-todo/internal/infra/persistence/database.go:35.2,35.25 1 0
github.com/nghiapd-andpad/todo-project-intern/services/core-todo/internal/infra/persistence/idempotency.go:22.61,24.2 1 0
github.com/nghiapd-andpad/todo-project-intern/services/core-todo/internal/infra/persistence/idempotency.go:33.45,40.16 4 0
github.com/nghiapd-andpad/todo-project-intern/services/core-todo/internal/infra/persistence/idempotency.go:40.16,41.45 1 0
github.com/nghiapd-andpad/todo-project-intern/services/core-todo/internal/infra/persistence/idempotency.go:41.45,43.4 1 0
github.com/nghiapd-andpad/todo-project-intern/services/core-todo/internal/infra/persistence/idempotency.go:44.3,44.61 1 0
github.com/nghiapd-andpad/todo-project-intern/services/core-todo/internal/infra/persistence/idempotency.go:47.2,47.51 1 0
github.com/nghiapd-andpad/todo-project-intern/services/core-todo/internal/infra/persistence/idempotency.go:53.45,65.45 3 0
github.com/nghiapd-andpad/todo-project-intern/services/core-todo/internal/infra/persistence/idempotency.go:65.45,67.3 1 0
github.com/nghiapd-andpad/todo-project-intern/services/core-todo/internal/infra/persistence/idempotency.go:69.2,69.50 1 0
github.com/nghiapd-andpad/todo-project-intern/services/core-todo/internal/infra/persistence/idempotency.go:72.99,80.24 2 0
github.com/nghiapd-andpad/todo-project-intern/services/core-todo/internal/infra/persistence/idempotency.go:80.24,82.3 1 0
github.com/nghiapd-andpad/todo-project-intern/services/core-todo/internal/infra/persistence/idempotency.go:84.2,84.12 1 0
github.com/nghiapd-andpad/todo-project-intern/services/core-todo/internal/infra/persistence/todo_commands.go:22.63,24.2 1 61
github.com/nghiapd-andpad/todo-project-intern/services/core-todo/internal/infra/persistence/todo_commands.go:26.100,31.45 3 50
github.com/nghiapd-andpad/todo-project-intern/services/core-todo/internal/infra/persistence/todo_commands.go:31.45,33.3 1 0
github.com/nghiapd-andpad/todo-project-intern/services/core-todo/internal/infra/persistence/todo_commands.go:35.2,35.36 1 50
github.com/nghiapd-andpad/todo-project-intern/services/core-todo/internal/infra/persistence/todo_commands.go:38.100,57.25 4 4
github.com/nghiapd-andpad/todo-project-intern/services/core-todo/internal/infra/persistence/todo_commands.go:57.25,59.3 1 0
github.com/nghiapd-andpad/todo-project-intern/services/core-todo/internal/infra/persistence/todo_commands.go:61.2,61.30 1 4
github.com/nghiapd-andpad/todo-project-intern/services/core-todo/internal/infra/persistence/todo_commands.go:61.30,65.3 1 0
github.com/nghiapd-andpad/todo-project-intern/services/core-todo/internal/infra/persistence/todo_commands.go:67.2,69.18 2 4
github.com/nghiapd-andpad/todo-project-intern/services/core-todo/internal/infra/persistence/todo_commands.go:72.87,78.25 3 5
github.com/nghiapd-andpad/todo-project-intern/services/core-todo/internal/infra/persistence/todo_commands.go:78.25,80.3 1 0
github.com/nghiapd-andpad/todo-project-intern/services/core-todo/internal/infra/persistence/todo_commands.go:82.2,82.12 1 5
github.com/nghiapd-andpad/todo-project-intern/services/core-todo/internal/infra/persistence/todo_commands.go:85.107,88.102 2 3
github.com/nghiapd-andpad/todo-project-intern/services/core-todo/internal/infra/persistence/todo_commands.go:88.102,90.3 1 0
github.com/nghiapd-andpad/todo-project-intern/services/core-todo/internal/infra/persistence/todo_commands.go:92.2,92.12 1 3
github.com/nghiapd-andpad/todo-project-intern/services/core-todo/internal/infra/persistence/todo_commands.go:95.125,98.19 2 0
github.com/nghiapd-andpad/todo-project-intern/services/core-todo/internal/infra/persistence/todo_commands.go:98.19,100.3 1 0
github.com/nghiapd-andpad/todo-project-intern/services/core-todo/internal/infra/persistence/todo_commands.go:102.2,103.25 2 0
github.com/nghiapd-andpad/todo-project-intern/services/core-todo/internal/infra/persistence/todo_commands.go:103.25,105.3 1 0
github.com/nghiapd-andpad/todo-project-intern/services/core-todo/internal/infra/persistence/todo_commands.go:107.2,120.25 2 0
github.com/nghiapd-andpad/todo-project-intern/services/core-todo/internal/infra/persistence/todo_commands.go:120.25,122.3 1 0
github.com/nghiapd-andpad/todo-project-intern/services/core-todo/internal/infra/persistence/todo_commands.go:124.2,124.33 1 0
github.com/nghiapd-andpad/todo-project-intern/services/core-todo/internal/infra/persistence/todo_commands.go:127.109,128.19 1 0
github.com/nghiapd-andpad/todo-project-intern/services/core-todo/internal/infra/persistence/todo_commands.go:128.19,130.3 1 0
github.com/nghiapd-andpad/todo-project-intern/services/core-todo/internal/infra/persistence/todo_commands.go:132.2,135.25 3 0
github.com/nghiapd-andpad/todo-project-intern/services/core-todo/internal/infra/persistence/todo_commands.go:135.25,137.3 1 0
github.com/nghiapd-andpad/todo-project-intern/services/core-todo/internal/infra/persistence/todo_commands.go:139.2,143.25 2 0
github.com/nghiapd-andpad/todo-project-intern/services/core-todo/internal/infra/persistence/todo_commands.go:143.25,145.3 1 0
github.com/nghiapd-andpad/todo-project-intern/services/core-todo/internal/infra/persistence/todo_commands.go:147.2,147.33 1 0
github.com/nghiapd-andpad/todo-project-intern/services/core-todo/internal/infra/persistence/todo_commands.go:150.129,151.27 1 0
github.com/nghiapd-andpad/todo-project-intern/services/core-todo/internal/infra/persistence/todo_commands.go:151.27,153.3 1 0
github.com/nghiapd-andpad/todo-project-intern/services/core-todo/internal/infra/persistence/todo_commands.go:155.2,158.33 3 0
github.com/nghiapd-andpad/todo-project-intern/services/core-todo/internal/infra/persistence/todo_commands.go:158.33,160.3 1 0
github.com/nghiapd-andpad/todo-project-intern/services/core-todo/internal/infra/persistence/todo_commands.go:162.2,166.25 2 0
github.com/nghiapd-andpad/todo-project-intern/services/core-todo/internal/infra/persistence/todo_commands.go:166.25,168.3 1 0
github.com/nghiapd-andpad/todo-project-intern/services/core-todo/internal/infra/persistence/todo_commands.go:170.2,170.33 1 0
github.com/nghiapd-andpad/todo-project-intern/services/core-todo/internal/infra/persistence/todo_list_commands.go:19.71,21.2 1 41
github.com/nghiapd-andpad/todo-project-intern/services/core-todo/internal/infra/persistence/todo_list_commands.go:28.29,33.45 3 35
github.com/nghiapd-andpad/todo-project-intern/services/core-todo/internal/infra/persistence/todo_list_commands.go:33.45,35.3 1 0
github.com/nghiapd-andpad/todo-project-intern/services/core-todo/internal/infra/persistence/todo_list_commands.go:37.2,37.40 1 35
github.com/nghiapd-andpad/todo-project-intern/services/core-todo/internal/infra/persistence/todo_list_commands.go:43.29,57.25 4 2
github.com/nghiapd-andpad/todo-project-intern/services/core-todo/internal/infra/persistence/todo_list_commands.go:57.25,59.3 1 0
github.com/nghiapd-andpad/todo-project-intern/services/core-todo/internal/infra/persistence/todo_list_commands.go:61.2,61.30 1 2
github.com/nghiapd-andpad/todo-project-intern/services/core-todo/internal/infra/persistence/todo_list_commands.go:61.30,63.3 1 0
github.com/nghiapd-andpad/todo-project-intern/services/core-todo/internal/infra/persistence/todo_list_commands.go:65.2,67.22 2 2
github.com/nghiapd-andpad/todo-project-intern/services/core-todo/internal/infra/persistence/todo_list_commands.go:73.9,76.80 2 4
github.com/nghiapd-andpad/todo-project-intern/services/core-todo/internal/infra/persistence/todo_list_commands.go:76.80,78.3 1 0
github.com/nghiapd-andpad/todo-project-intern/services/core-todo/internal/infra/persistence/todo_list_commands.go:80.2,80.12 1 4
github.com/nghiapd-andpad/todo-project-intern/services/core-todo/internal/infra/persistence/todo_list_commands.go:86.18,87.19 1 0
github.com/nghiapd-andpad/todo-project-intern/services/core-todo/internal/infra/persistence/todo_list_commands.go:87.19,89.3 1 0
github.com/nghiapd-andpad/todo-project-intern/services/core-todo/internal/infra/persistence/todo_list_commands.go:91.2,94.25 3 0
github.com/nghiapd-andpad/todo-project-intern/services/core-todo/internal/infra/persistence/todo_list_commands.go:94.25,96.3 1 0
github.com/nghiapd-andpad/todo-project-intern/services/core-todo/internal/infra/persistence/todo_list_commands.go:98.2,102.25 2 0
github.com/nghiapd-andpad/todo-project-intern/services/core-todo/internal/infra/persistence/todo_list_commands.go:102.25,104.3 1 0
github.com/nghiapd-andpad/todo-project-intern/services/core-todo/internal/infra/persistence/todo_list_commands.go:106.2,106.33 1 0
github.com/nghiapd-andpad/todo-project-intern/services/core-todo/internal/infra/persistence/todo_list_queries.go:22.69,24.2 1 18
github.com/nghiapd-andpad/todo-project-intern/services/core-todo/internal/infra/persistence/todo_list_queries.go:31.29,35.16 3 6
github.com/nghiapd-andpad/todo-project-intern/services/core-todo/internal/infra/persistence/todo_list_queries.go:35.16,36.45 1 3
github.com/nghiapd-andpad/todo-project-intern/services/core-todo/internal/infra/persistence/todo_list_queries.go:36.45,38.4 1 3
github.com/nghiapd-andpad/todo-project-intern/services/core-todo/internal/infra/persistence/todo_list_queries.go:39.3,39.54 1 0
github.com/nghiapd-andpad/todo-project-intern/services/core-todo/internal/infra/persistence/todo_list_queries.go:42.2,42.41 1 3
github.com/nghiapd-andpad/todo-project-intern/services/core-todo/internal/infra/persistence/todo_list_queries.go:48.38,49.51 1 10
github.com/nghiapd-andpad/todo-project-intern/services/core-todo/internal/infra/persistence/todo_list_queries.go:49.51,51.3 1 2
github.com/nghiapd-andpad/todo-project-intern/services/core-todo/internal/infra/persistence/todo_list_queries.go:52.2,52.32 1 8
github.com/nghiapd-andpad/todo-project-intern/services/core-todo/internal/infra/persistence/todo_list_queries.go:58.38,68.54 4 2
github.com/nghiapd-andpad/todo-project-intern/services/core-todo/internal/infra/persistence/todo_list_queries.go:68.54,71.3 2 1
github.com/nghiapd-andpad/todo-project-intern/services/core-todo/internal/infra/persistence/todo_list_queries.go:73.2,73.95 1 2
github.com/nghiapd-andpad/todo-project-intern/services/core-todo/internal/infra/persistence/todo_list_queries.go:73.95,75.3 1 0
github.com/nghiapd-andpad/todo-project-intern/services/core-todo/internal/infra/persistence/todo_list_queries.go:77.2,84.54 2 2
github.com/nghiapd-andpad/todo-project-intern/services/core-todo/internal/infra/persistence/todo_list_queries.go:84.54,86.3 1 1
github.com/nghiapd-andpad/todo-project-intern/services/core-todo/internal/infra/persistence/todo_list_queries.go:88.2,93.46 3 2
github.com/nghiapd-andpad/todo-project-intern/services/core-todo/internal/infra/persistence/todo_list_queries.go:93.46,95.3 1 0
github.com/nghiapd-andpad/todo-project-intern/services/core-todo/internal/infra/persistence/todo_list_queries.go:97.2,97.39 1 2
github.com/nghiapd-andpad/todo-project-intern/services/core-todo/internal/infra/persistence/todo_list_queries.go:103.38,106.25 2 8
github.com/nghiapd-andpad/todo-project-intern/services/core-todo/internal/infra/persistence/todo_list_queries.go:106.25,108.3 1 6
github.com/nghiapd-andpad/todo-project-intern/services/core-todo/internal/infra/persistence/todo_list_queries.go:109.2,109.28 1 8
github.com/nghiapd-andpad/todo-project-intern/services/core-todo/internal/infra/persistence/todo_list_queries.go:109.28,112.3 1 2
github.com/nghiapd-andpad/todo-project-intern/services/core-todo/internal/infra/persistence/todo_list_queries.go:113.2,113.54 1 8
github.com/nghiapd-andpad/todo-project-intern/services/core-todo/internal/infra/persistence/todo_list_queries.go:113.54,115.3 1 2
github.com/nghiapd-andpad/todo-project-intern/services/core-todo/internal/infra/persistence/todo_list_queries.go:117.2,119.28 3 8
github.com/nghiapd-andpad/todo-project-intern/services/core-todo/internal/infra/persistence/todo_list_queries.go:119.28,121.3 1 2
github.com/nghiapd-andpad/todo-project-intern/services/core-todo/internal/infra/persistence/todo_list_queries.go:123.2,123.55 1 8
github.com/nghiapd-andpad/todo-project-intern/services/core-todo/internal/infra/persistence/todo_list_queries.go:123.55,125.3 1 0
github.com/nghiapd-andpad/todo-project-intern/services/core-todo/internal/infra/persistence/todo_list_queries.go:127.2,128.28 2 8
github.com/nghiapd-andpad/todo-project-intern/services/core-todo/internal/infra/persistence/todo_list_queries.go:128.28,130.3 1 2
github.com/nghiapd-andpad/todo-project-intern/services/core-todo/internal/infra/persistence/todo_list_queries.go:132.2,136.35 2 8
github.com/nghiapd-andpad/todo-project-intern/services/core-todo/internal/infra/persistence/todo_list_queries.go:136.35,138.3 1 0
github.com/nghiapd-andpad/todo-project-intern/services/core-todo/internal/infra/persistence/todo_list_queries.go:140.2,140.39 1 8
github.com/nghiapd-andpad/todo-project-intern/services/core-todo/internal/infra/persistence/todo_list_queries.go:147.32,157.39 3 0
github.com/nghiapd-andpad/todo-project-intern/services/core-todo/internal/infra/persistence/todo_list_queries.go:157.39,159.3 1 0
github.com/nghiapd-andpad/todo-project-intern/services/core-todo/internal/infra/persistence/todo_list_queries.go:161.2,162.25 2 0
github.com/nghiapd-andpad/todo-project-intern/services/core-todo/internal/infra/persistence/todo_list_queries.go:162.25,164.3 1 0
github.com/nghiapd-andpad/todo-project-intern/services/core-todo/internal/infra/persistence/todo_list_queries.go:166.2,166.20 1 0
github.com/nghiapd-andpad/todo-project-intern/services/core-todo/internal/infra/persistence/todo_list_queries.go:169.61,171.24 2 10
github.com/nghiapd-andpad/todo-project-intern/services/core-todo/internal/infra/persistence/todo_list_queries.go:171.24,173.3 1 15
github.com/nghiapd-andpad/todo-project-intern/services/core-todo/internal/infra/persistence/todo_list_queries.go:174.2,174.15 1 10
github.com/nghiapd-andpad/todo-project-intern/services/core-todo/internal/infra/persistence/todo_queries.go:22.61,24.2 1 20
github.com/nghiapd-andpad/todo-project-intern/services/core-todo/internal/infra/persistence/todo_queries.go:28.129,34.16 4 10
github.com/nghiapd-andpad/todo-project-intern/services/core-todo/internal/infra/persistence/todo_queries.go:34.16,35.45 1 6
[...]
github.com/nghiapd-andpad/todo-project-intern/services/core-todo/internal/infra/persistence/transactor.go:34.62,36.3 1 5
github.com/nghiapd-andpad/todo-project-intern/services/core-todo/internal/infra/persistence/transactor.go:37.2,37.28 1 118
github.com/nghiapd-andpad/todo-project-intern/services/core-todo/internal/utils/idempotency/hash.go:10.34,12.16 2 0
github.com/nghiapd-andpad/todo-project-intern/services/core-todo/internal/utils/idempotency/hash.go:12.16,14.3 1 0
github.com/nghiapd-andpad/todo-project-intern/services/core-todo/internal/utils/idempotency/hash.go:16.2,17.40 2 0
github.com/nghiapd-andpad/todo-project-intern/services/core-todo/internal/infra/persistence/model/idempotency_key.go:18.42,20.2 1 0
github.com/nghiapd-andpad/todo-project-intern/services/core-todo/internal/infra/persistence/model/todo.go:25.32,27.2 1 0
github.com/nghiapd-andpad/todo-project-intern/services/core-todo/internal/infra/persistence/model/todo_list.go:19.36,21.2 1 0
github.com/nghiapd-andpad/todo-project-intern/services/core-todo/internal/testutil/config.go:11.49,18.2 4 0
github.com/nghiapd-andpad/todo-project-intern/services/core-todo/internal/testutil/database.go:20.59,25.50 3 0
github.com/nghiapd-andpad/todo-project-intern/services/core-todo/internal/testutil/database.go:25.50,27.3 1 0
github.com/nghiapd-andpad/todo-project-intern/services/core-todo/internal/testutil/database.go:28.2,43.16 5 0
github.com/nghiapd-andpad/todo-project-intern/services/core-todo/internal/testutil/database.go:43.16,45.3 1 0
github.com/nghiapd-andpad/todo-project-intern/services/core-todo/internal/testutil/database.go:48.2,51.23 1 0
github.com/nghiapd-andpad/todo-project-intern/services/core-todo/internal/testutil/database.go:51.23,53.3 1 0
github.com/nghiapd-andpad/todo-project-intern/services/core-todo/internal/testutil/database.go:55.2,71.16 5 0
github.com/nghiapd-andpad/todo-project-intern/services/core-todo/internal/testutil/database.go:71.16,73.3 1 0
github.com/nghiapd-andpad/todo-project-intern/services/core-todo/internal/testutil/database.go:76.2,76.73 1 0
github.com/nghiapd-andpad/todo-project-intern/services/core-todo/internal/testutil/database.go:76.73,78.3 1 0
github.com/nghiapd-andpad/todo-project-intern/services/core-todo/internal/testutil/database.go:81.2,81.19 1 0
github.com/nghiapd-andpad/todo-project-intern/services/core-todo/internal/testutil/database.go:81.19,88.17 4 0
github.com/nghiapd-andpad/todo-project-intern/services/core-todo/internal/testutil/database.go:88.17,91.4 2 0
github.com/nghiapd-andpad/todo-project-intern/services/core-todo/internal/testutil/database.go:93.3,96.17 3 0
github.com/nghiapd-andpad/todo-project-intern/services/core-todo/internal/testutil/database.go:99.2,99.11 1 0
github.com/nghiapd-andpad/todo-project-intern/services/core-todo/internal/testutil/fixture.go:14.101,23.16 4 0
github.com/nghiapd-andpad/todo-project-intern/services/core-todo/internal/testutil/fixture.go:23.16,25.3 1 0
github.com/nghiapd-andpad/todo-project-intern/services/core-todo/internal/testutil/fixture.go:27.2,27.17 1 0
github.com/nghiapd-andpad/todo-project-intern/services/core-todo/internal/testutil/fixture.go:31.101,42.16 4 0
github.com/nghiapd-andpad/todo-project-intern/services/core-todo/internal/testutil/fixture.go:42.16,44.3 1 0
github.com/nghiapd-andpad/todo-project-intern/services/core-todo/internal/testutil/fixture.go:46.2,46.13 1 0
github.com/nghiapd-andpad/todo-project-intern/services/core-todo/internal/testutil/fixture.go:49.139,61.16 4 0
github.com/nghiapd-andpad/todo-project-intern/services/core-todo/internal/testutil/fixture.go:61.16,63.3 1 0
github.com/nghiapd-andpad/todo-project-intern/services/core-todo/internal/testutil/fixture.go:65.2,65.13 1 0
github.com/nghiapd-andpad/todo-project-intern/services/core-todo/internal/testutil/pointers.go:9.31,11.2 1 0
github.com/nghiapd-andpad/todo-project-intern/services/core-todo/internal/testutil/pointers.go:13.49,15.2 1 0
github.com/nghiapd-andpad/todo-project-intern/services/core-todo/internal/testutil/pointers.go:17.38,19.2 1 0
github.com/nghiapd-andpad/todo-project-intern/services/core-todo/internal/testutil/pointers.go:21.61,23.2 1 0
github.com/nghiapd-andpad/todo-project-intern/services/core-todo/internal/testutil/pointers.go:25.60,27.2 1 0
github.com/nghiapd-andpad/todo-project-intern/services/core-todo/internal/testutil/pointers.go:29.61,31.2 1 0
github.com/nghiapd-andpad/todo-project-intern/services/core-todo/internal/infra/persistence/mapper/idempotency.go:9.84,10.14 1 0
github.com/nghiapd-andpad/todo-project-intern/services/core-todo/internal/infra/persistence/mapper/idempotency.go:10.14,12.3 1 0
github.com/nghiapd-andpad/todo-project-intern/services/core-todo/internal/infra/persistence/mapper/idempotency.go:14.2,23.3 1 0
github.com/nghiapd-andpad/todo-project-intern/services/core-todo/internal/infra/persistence/mapper/todo.go:8.47,9.14 1 0
github.com/nghiapd-andpad/todo-project-intern/services/core-todo/internal/infra/persistence/mapper/todo.go:9.14,11.3 1 0
github.com/nghiapd-andpad/todo-project-intern/services/core-todo/internal/infra/persistence/mapper/todo.go:13.2,26.25 2 0
github.com/nghiapd-andpad/todo-project-intern/services/core-todo/internal/infra/persistence/mapper/todo.go:26.25,29.3 2 0
github.com/nghiapd-andpad/todo-project-intern/services/core-todo/internal/infra/persistence/mapper/todo.go:31.2,31.10 1 0
github.com/nghiapd-andpad/todo-project-intern/services/core-todo/internal/infra/persistence/mapper/todo.go:34.49,35.14 1 0
github.com/nghiapd-andpad/todo-project-intern/services/core-todo/internal/infra/persistence/mapper/todo.go:35.14,37.3 1 0
github.com/nghiapd-andpad/todo-project-intern/services/core-todo/internal/infra/persistence/mapper/todo.go:39.2,52.25 2 0
github.com/nghiapd-andpad/todo-project-intern/services/core-todo/internal/infra/persistence/mapper/todo.go:52.25,55.3 2 0
github.com/nghiapd-andpad/todo-project-intern/services/core-todo/internal/infra/persistence/mapper/todo.go:57.2,57.10 1 0
github.com/nghiapd-andpad/todo-project-intern/services/core-todo/internal/infra/persistence/mapper/todo_list.go:9.59,10.14 1 0
github.com/nghiapd-andpad/todo-project-intern/services/core-todo/internal/infra/persistence/mapper/todo_list.go:10.14,12.3 1 0
github.com/nghiapd-andpad/todo-project-intern/services/core-todo/internal/infra/persistence/mapper/todo_list.go:14.2,21.3 1 0
github.com/nghiapd-andpad/todo-project-intern/services/core-todo/internal/infra/persistence/mapper/todo_list.go:24.61,25.14 1 0
github.com/nghiapd-andpad/todo-project-intern/services/core-todo/internal/infra/persistence/mapper/todo_list.go:25.14,27.3 1 0
github.com/nghiapd-andpad/todo-project-intern/services/core-todo/internal/infra/persistence/mapper/todo_list.go:29.2,36.3 1 0
github.com/nghiapd-andpad/todo-project-intern/services/core-todo/internal/utils/context/context.go:12.79,14.2 1 0
github.com/nghiapd-andpad/todo-project-intern/services/core-todo/internal/utils/context/context.go:16.62,17.48 1 0
github.com/nghiapd-andpad/todo-project-intern/services/core-todo/internal/utils/context/context.go:17.48,19.9 2 0
github.com/nghiapd-andpad/todo-project-intern/services/core-todo/internal/utils/context/context.go:19.9,21.4 1 0
github.com/nghiapd-andpad/todo-project-intern/services/core-todo/internal/utils/context/context.go:23.2,23.84 1 0
github.com/nghiapd-andpad/todo-project-intern/services/core-todo/internal/utils/context/context.go:28.77,30.2 1 0
github.com/nghiapd-andpad/todo-project-intern/services/core-todo/internal/utils/context/context.go:32.61,33.47 1 0
github.com/nghiapd-andpad/todo-project-intern/services/core-todo/internal/utils/context/context.go:33.47,35.9 2 0
github.com/nghiapd-andpad/todo-project-intern/services/core-todo/internal/utils/context/context.go:35.9,37.4 1 0
github.com/nghiapd-andpad/todo-project-intern/services/core-todo/internal/utils/context/context.go:39.2,39.75 1 0
github.com/nghiapd-andpad/todo-project-intern/services/core-todo/internal/utils/context/valctx.go:9.53,11.2 1 0
github.com/nghiapd-andpad/todo-project-intern/services/core-todo/internal/utils/context/valctx.go:17.56,19.2 1 0
github.com/nghiapd-andpad/todo-project-intern/services/core-todo/internal/utils/context/valctx.go:21.50,23.2 1 0
github.com/nghiapd-andpad/todo-project-intern/services/core-todo/internal/utils/context/valctx.go:25.39,27.2 1 0
github.com/nghiapd-andpad/todo-project-intern/services/core-todo/internal/utils/context/valctx.go:29.62,31.2 1 0
github.com/nghiapd-andpad/todo-project-intern/services/core-todo/internal/infra/redis/client.go:14.69,15.16 1 0
github.com/nghiapd-andpad/todo-project-intern/services/core-todo/internal/infra/redis/client.go:15.16,17.3 1 0
github.com/nghiapd-andpad/todo-project-intern/services/core-todo/internal/infra/redis/client.go:19.2,27.64 3 0
github.com/nghiapd-andpad/todo-project-intern/services/core-todo/internal/infra/redis/client.go:27.64,29.3 1 0
github.com/nghiapd-andpad/todo-project-intern/services/core-todo/internal/infra/redis/client.go:31.2,31.20 1 0
github.com/nghiapd-andpad/todo-project-intern/services/core-todo/internal/infra/redis/client.go:31.20,33.3 1 0
github.com/nghiapd-andpad/todo-project-intern/services/core-todo/internal/infra/redis/client.go:35.2,35.29 1 0
github.com/nghiapd-andpad/todo-project-intern/services/core-todo/internal/infra/redis/distributed_locker.go:28.70,32.2 1 0
github.com/nghiapd-andpad/todo-project-intern/services/core-todo/internal/infra/redis/distributed_locker.go:34.111,35.21 1 0
github.com/nghiapd-andpad/todo-project-intern/services/core-todo/internal/infra/redis/distributed_locker.go:35.21,37.3 1 0
github.com/nghiapd-andpad/todo-project-intern/services/core-todo/internal/infra/redis/distributed_locker.go:38.2,38.15 1 0
github.com/nghiapd-andpad/todo-project-intern/services/core-todo/internal/infra/redis/distributed_locker.go:38.15,40.3 1 0
github.com/nghiapd-andpad/todo-project-intern/services/core-todo/internal/infra/redis/distributed_locker.go:41.2,41.14 1 0
github.com/nghiapd-andpad/todo-project-intern/services/core-todo/internal/infra/redis/distributed_locker.go:41.14,43.3 1 0
github.com/nghiapd-andpad/todo-project-intern/services/core-todo/internal/infra/redis/distributed_locker.go:45.2,48.16 3 0
github.com/nghiapd-andpad/todo-project-intern/services/core-todo/internal/infra/redis/distributed_locker.go:48.16,50.3 1 0
github.com/nghiapd-andpad/todo-project-intern/services/core-todo/internal/infra/redis/distributed_locker.go:52.2,52.15 1 0
github.com/nghiapd-andpad/todo-project-intern/services/core-todo/internal/infra/redis/distributed_locker.go:52.15,54.3 1 0
github.com/nghiapd-andpad/todo-project-intern/services/core-todo/internal/infra/redis/distributed_locker.go:56.2,58.20 2 0
github.com/nghiapd-andpad/todo-project-intern/services/core-todo/internal/infra/redis/distributed_locker.go:58.20,59.15 1 0
github.com/nghiapd-andpad/todo-project-intern/services/core-todo/internal/infra/redis/distributed_locker.go:59.15,61.4 1 0
github.com/nghiapd-andpad/todo-project-intern/services/core-todo/internal/infra/redis/distributed_locker.go:62.3,69.10 2 0
github.com/nghiapd-andpad/todo-project-intern/services/core-todo/internal/infra/redis/distributed_locker.go:72.2,72.27 1 0
github.com/nghiapd-andpad/todo-project-intern/services/core-todo/internal/worker/job/todo_overdue_marker.go:31.25,32.22 1 0
github.com/nghiapd-andpad/todo-project-intern/services/core-todo/internal/worker/job/todo_overdue_marker.go:32.22,34.3 1 0
github.com/nghiapd-andpad/todo-project-intern/services/core-todo/internal/worker/job/todo_overdue_marker.go:36.2,44.3 1 0
github.com/nghiapd-andpad/todo-project-intern/services/core-todo/internal/worker/job/todo_overdue_marker.go:47.46,49.2 1 0
github.com/nghiapd-andpad/todo-project-intern/services/core-todo/internal/worker/job/todo_overdue_marker.go:51.46,52.18 1 0
github.com/nghiapd-andpad/todo-project-intern/services/core-todo/internal/worker/job/todo_overdue_marker.go:52.18,54.3 1 0
github.com/nghiapd-andpad/todo-project-intern/services/core-todo/internal/worker/job/todo_overdue_marker.go:55.2,55.36 1 0
github.com/nghiapd-andpad/todo-project-intern/services/core-todo/internal/worker/job/todo_overdue_marker.go:58.44,70.16 5 0
github.com/nghiapd-andpad/todo-project-intern/services/core-todo/internal/worker/job/todo_overdue_marker.go:70.16,72.3 1 0
github.com/nghiapd-andpad/todo-project-intern/services/core-todo/internal/worker/job/todo_overdue_marker.go:74.2,74.15 1 0
github.com/nghiapd-andpad/todo-project-intern/services/core-todo/internal/worker/job/todo_overdue_marker.go:74.15,77.3 2 0
github.com/nghiapd-andpad/todo-project-intern/services/core-todo/internal/worker/job/todo_overdue_marker.go:78.2,86.16 3 0
github.com/nghiapd-andpad/todo-project-intern/services/core-todo/internal/worker/job/todo_overdue_marker.go:86.16,88.3 1 0
github.com/nghiapd-andpad/todo-project-intern/services/core-todo/internal/worker/job/todo_overdue_marker.go:90.2,97.12 2 0
github.com/nghiapd-andpad/todo-project-intern/services/core-todo/internal/worker/job/todo_soft_deleted_cleanup.go:31.30,32.22 1 0
github.com/nghiapd-andpad/todo-project-intern/services/core-todo/internal/worker/job/todo_soft_deleted_cleanup.go:32.22,34.3 1 0
github.com/nghiapd-andpad/todo-project-intern/services/core-todo/internal/worker/job/todo_soft_deleted_cleanup.go:36.2,44.3 1 0
github.com/nghiapd-andpad/todo-project-intern/services/core-todo/internal/worker/job/todo_soft_deleted_cleanup.go:47.51,49.2 1 0
github.com/nghiapd-andpad/todo-project-intern/services/core-todo/internal/worker/job/todo_soft_deleted_cleanup.go:51.51,52.18 1 0
github.com/nghiapd-andpad/todo-project-intern/services/core-todo/internal/worker/job/todo_soft_deleted_cleanup.go:52.18,54.3 1 0
github.com/nghiapd-andpad/todo-project-intern/services/core-todo/internal/worker/job/todo_soft_deleted_cleanup.go:55.2,55.41 1 0
github.com/nghiapd-andpad/todo-project-intern/services/core-todo/internal/worker/job/todo_soft_deleted_cleanup.go:58.49,70.16 5 0
github.com/nghiapd-andpad/todo-project-intern/services/core-todo/internal/worker/job/todo_soft_deleted_cleanup.go:70.16,72.3 1 0
github.com/nghiapd-andpad/todo-project-intern/services/core-todo/internal/worker/job/todo_soft_deleted_cleanup.go:74.2,74.15 1 0
github.com/nghiapd-andpad/todo-project-intern/services/core-todo/internal/worker/job/todo_soft_deleted_cleanup.go:74.15,77.3 2 0
github.com/nghiapd-andpad/todo-project-intern/services/core-todo/internal/worker/job/todo_soft_deleted_cleanup.go:78.2,87.16 3 0
github.com/nghiapd-andpad/todo-project-intern/services/core-todo/internal/worker/job/todo_soft_deleted_cleanup.go:87.16,89.3 1 0
github.com/nghiapd-andpad/todo-project-intern/services/core-todo/internal/worker/job/todo_soft_deleted_cleanup.go:91.2,99.12 2 0
github.com/nghiapd-andpad/todo-project-intern/services/core-todo/internal/worker/worker.go:28.11,29.22 1 0
github.com/nghiapd-andpad/todo-project-intern/services/core-todo/internal/worker/worker.go:29.22,31.3 1 0
github.com/nghiapd-andpad/todo-project-intern/services/core-todo/internal/worker/worker.go:33.2,41.3 1 0
github.com/nghiapd-andpad/todo-project-intern/services/core-todo/internal/worker/worker.go:44.51,45.45 1 0
github.com/nghiapd-andpad/todo-project-intern/services/core-todo/internal/worker/worker.go:45.45,48.3 2 0
github.com/nghiapd-andpad/todo-project-intern/services/core-todo/internal/worker/worker.go:50.2,50.27 1 0
github.com/nghiapd-andpad/todo-project-intern/services/core-todo/internal/worker/worker.go:50.27,51.82 1 0
github.com/nghiapd-andpad/todo-project-intern/services/core-todo/internal/worker/worker.go:51.82,53.4 1 0
github.com/nghiapd-andpad/todo-project-intern/services/core-todo/internal/worker/worker.go:56.2,62.12 3 0
github.com/nghiapd-andpad/todo-project-intern/services/core-todo/internal/worker/worker.go:65.31,66.24 1 0
github.com/nghiapd-andpad/todo-project-intern/services/core-todo/internal/worker/worker.go:66.24,68.3 1 0
github.com/nghiapd-andpad/todo-project-intern/services/core-todo/internal/worker/worker.go:70.2,70.27 1 0
github.com/nghiapd-andpad/todo-project-intern/services/core-todo/internal/utils/logger/context.go:13.31,14.14 1 0
github.com/nghiapd-andpad/todo-project-intern/services/core-todo/internal/utils/logger/context.go:14.14,17.3 2 0
github.com/nghiapd-andpad/todo-project-intern/services/core-todo/internal/utils/logger/context.go:19.2,19.16 1 0
github.com/nghiapd-andpad/todo-project-intern/services/core-todo/internal/utils/logger/context.go:22.51,23.16 1 0
github.com/nghiapd-andpad/todo-project-intern/services/core-todo/internal/utils/logger/context.go:23.16,25.3 1 0
github.com/nghiapd-andpad/todo-project-intern/services/core-todo/internal/utils/logger/context.go:27.2,27.40 1 0
github.com/nghiapd-andpad/todo-project-intern/services/core-todo/internal/utils/logger/context.go:27.40,29.3 1 0
github.com/nghiapd-andpad/todo-project-intern/services/core-todo/internal/utils/logger/context.go:31.2,31.19 1 0
github.com/nghiapd-andpad/todo-project-intern/services/core-todo/internal/utils/logger/context.go:34.68,35.16 1 0
github.com/nghiapd-andpad/todo-project-intern/services/core-todo/internal/utils/logger/context.go:35.16,37.3 1 0
github.com/nghiapd-andpad/todo-project-intern/services/core-todo/internal/utils/logger/context.go:39.2,39.14 1 0
github.com/nghiapd-andpad/todo-project-intern/services/core-todo/internal/utils/logger/context.go:39.14,41.3 1 0
github.com/nghiapd-andpad/todo-project-intern/services/core-todo/internal/utils/logger/context.go:43.2,43.33 1 0
github.com/nghiapd-andpad/todo-project-intern/services/core-todo/internal/utils/logger/init.go:13.59,14.16 1 0
github.com/nghiapd-andpad/todo-project-intern/services/core-todo/internal/utils/logger/init.go:14.16,16.3 1 0
github.com/nghiapd-andpad/todo-project-intern/services/core-todo/internal/utils/logger/init.go:18.2,20.39 2 0
github.com/nghiapd-andpad/todo-project-intern/services/core-todo/internal/utils/logger/init.go:21.15,22.29 1 0
github.com/nghiapd-andpad/todo-project-intern/services/core-todo/internal/utils/logger/init.go:23.14,24.28 1 0
github.com/nghiapd-andpad/todo-project-intern/services/core-todo/internal/utils/logger/init.go:25.14,26.28 1 0
github.com/nghiapd-andpad/todo-project-intern/services/core-todo/internal/utils/logger/init.go:27.15,28.29 1 0
github.com/nghiapd-andpad/todo-project-intern/services/core-todo/internal/utils/logger/init.go:29.10,30.69 1 0
github.com/nghiapd-andpad/todo-project-intern/services/core-todo/internal/utils/logger/init.go:33.2,35.40 2 0
github.com/nghiapd-andpad/todo-project-intern/services/core-todo/internal/utils/logger/init.go:36.14,37.37 1 0
github.com/nghiapd-andpad/todo-project-intern/services/core-todo/internal/utils/logger/init.go:38.17,39.38 1 0
github.com/nghiapd-andpad/todo-project-intern/services/core-todo/internal/utils/logger/init.go:40.10,41.71 1 0
github.com/nghiapd-andpad/todo-project-intern/services/core-todo/internal/utils/logger/init.go:44.2,47.16 3 0
github.com/nghiapd-andpad/todo-project-intern/services/core-todo/internal/utils/logger/init.go:47.16,49.3 1 0
github.com/nghiapd-andpad/todo-project-intern/services/core-todo/internal/utils/logger/init.go:51.2,53.20 2 0
github.com/nghiapd-andpad/todo-project-intern/services/core-todo/internal/utils/logger/init.go:53.20,55.3 1 0
github.com/nghiapd-andpad/todo-project-intern/services/core-todo/internal/utils/logger/init.go:57.2,57.32 1 0
github.com/nghiapd-andpad/todo-project-intern/services/core-todo/internal/utils/logger/logger.go:10.66,12.2 1 0
github.com/nghiapd-andpad/todo-project-intern/services/core-todo/internal/utils/logger/logger.go:14.65,16.2 1 0
github.com/nghiapd-andpad/todo-project-intern/services/core-todo/internal/utils/logger/logger.go:18.65,20.2 1 0
github.com/nghiapd-andpad/todo-project-intern/services/core-todo/internal/utils/logger/logger.go:22.66,24.2 1 0
github.com/nghiapd-andpad/todo-project-intern/services/core-todo/internal/utils/logger/logger.go:27.75,30.2 2 0
