mode: atomic
github.com/nghiapd-andpad/todo-project-intern/services/core-todo/internal/usecase/todos/todo_creator.go:19.83,21.2 1 4
github.com/nghiapd-andpad/todo-project-intern/services/core-todo/internal/usecase/todos/todo_creator.go:23.103,25.23 2 4
github.com/nghiapd-andpad/todo-project-intern/services/core-todo/internal/usecase/todos/todo_creator.go:25.23,27.17 2 2
github.com/nghiapd-andpad/todo-project-intern/services/core-todo/internal/usecase/todos/todo_creator.go:27.17,30.4 1 1
github.com/nghiapd-andpad/todo-project-intern/services/core-todo/internal/usecase/todos/todo_creator.go:31.3,31.20 1 1
github.com/nghiapd-andpad/todo-project-intern/services/core-todo/internal/usecase/todos/todo_creator.go:34.2,46.16 3 3
github.com/nghiapd-andpad/todo-project-intern/services/core-todo/internal/usecase/todos/todo_creator.go:46.16,48.3 1 1
github.com/nghiapd-andpad/todo-project-intern/services/core-todo/internal/usecase/todos/todo_creator.go:50.2,50.48 1 2
github.com/nghiapd-andpad/todo-project-intern/services/core-todo/internal/usecase/todos/todo_deleter.go:18.130,20.2 1 4
github.com/nghiapd-andpad/todo-project-intern/services/core-todo/internal/usecase/todos/todo_deleter.go:22.103,24.16 2 4
github.com/nghiapd-andpad/todo-project-intern/services/core-todo/internal/usecase/todos/todo_deleter.go:24.16,26.3 1 1
github.com/nghiapd-andpad/todo-project-intern/services/core-todo/internal/usecase/todos/todo_deleter.go:27.2,27.17 1 3
github.com/nghiapd-andpad/todo-project-intern/services/core-todo/internal/usecase/todos/todo_deleter.go:27.17,30.3 1 1
github.com/nghiapd-andpad/todo-project-intern/services/core-todo/internal/usecase/todos/todo_deleter.go:33.2,33.65 1 2
github.com/nghiapd-andpad/todo-project-intern/services/core-todo/internal/usecase/todos/todo_deleter.go:33.65,35.3 1 1
github.com/nghiapd-andpad/todo-project-intern/services/core-todo/internal/usecase/todos/todo_deleter.go:37.2,37.35 1 1
github.com/nghiapd-andpad/todo-project-intern/services/core-todo/internal/usecase/todos/todo_getter.go:17.79,19.2 1 3
github.com/nghiapd-andpad/todo-project-intern/services/core-todo/internal/usecase/todos/todo_getter.go:21.97,23.16 2 3
github.com/nghiapd-andpad/todo-project-intern/services/core-todo/internal/usecase/todos/todo_getter.go:23.16,25.3 1 1
github.com/nghiapd-andpad/todo-project-intern/services/core-todo/internal/usecase/todos/todo_getter.go:27.2,27.17 1 2
github.com/nghiapd-andpad/todo-project-intern/services/core-todo/internal/usecase/todos/todo_getter.go:27.17,30.3 1 1
github.com/nghiapd-andpad/todo-project-intern/services/core-todo/internal/usecase/todos/todo_getter.go:32.2,32.44 1 1
github.com/nghiapd-andpad/todo-project-intern/services/core-todo/internal/usecase/todos/todo_list_creator.go:17.99,19.2 1 3
github.com/nghiapd-andpad/todo-project-intern/services/core-todo/internal/usecase/todos/todo_list_creator.go:21.115,28.16 3 3
github.com/nghiapd-andpad/todo-project-intern/services/core-todo/internal/usecase/todos/todo_list_creator.go:28.16,30.3 1 1
github.com/nghiapd-andpad/todo-project-intern/services/core-todo/internal/usecase/todos/todo_list_creator.go:32.2,32.56 1 2
github.com/nghiapd-andpad/todo-project-intern/services/core-todo/internal/usecase/todos/todo_list_deleter.go:16.99,18.2 1 2
github.com/nghiapd-andpad/todo-project-intern/services/core-todo/internal/usecase/todos/todo_list_deleter.go:20.115,21.69 1 2
github.com/nghiapd-andpad/todo-project-intern/services/core-todo/internal/usecase/todos/todo_list_deleter.go:21.69,23.3 1 1
github.com/nghiapd-andpad/todo-project-intern/services/core-todo/internal/usecase/todos/todo_list_deleter.go:25.2,25.39 1 1
github.com/nghiapd-andpad/todo-project-intern/services/core-todo/internal/usecase/todos/todo_list_getter.go:17.95,19.2 1 3
github.com/nghiapd-andpad/todo-project-intern/services/core-todo/internal/usecase/todos/todo_list_getter.go:21.109,23.16 2 3
github.com/nghiapd-andpad/todo-project-intern/services/core-todo/internal/usecase/todos/todo_list_getter.go:23.16,25.3 1 1
github.com/nghiapd-andpad/todo-project-intern/services/core-todo/internal/usecase/todos/todo_list_getter.go:27.2,27.21 1 2
github.com/nghiapd-andpad/todo-project-intern/services/core-todo/internal/usecase/todos/todo_list_getter.go:27.21,30.3 1 1
github.com/nghiapd-andpad/todo-project-intern/services/core-todo/internal/usecase/todos/todo_list_getter.go:32.2,32.56 1 1
github.com/nghiapd-andpad/todo-project-intern/services/core-todo/internal/usecase/todos/todo_list_lister.go:16.95,18.2 1 4
github.com/nghiapd-andpad/todo-project-intern/services/core-todo/internal/usecase/todos/todo_list_lister.go:20.110,22.16 2 4
github.com/nghiapd-andpad/todo-project-intern/services/core-todo/internal/usecase/todos/todo_list_lister.go:22.16,24.3 1 1
github.com/nghiapd-andpad/todo-project-intern/services/core-todo/internal/usecase/todos/todo_list_lister.go:26.2,29.8 1 3
github.com/nghiapd-andpad/todo-project-intern/services/core-todo/internal/usecase/todos/todo_list_updater.go:21.20,26.2 1 5
github.com/nghiapd-andpad/todo-project-intern/services/core-todo/internal/usecase/todos/todo_list_updater.go:28.115,30.16 2 5
github.com/nghiapd-andpad/todo-project-intern/services/core-todo/internal/usecase/todos/todo_list_updater.go:30.16,32.3 1 1
github.com/nghiapd-andpad/todo-project-intern/services/core-todo/internal/usecase/todos/todo_list_updater.go:33.2,33.21 1 4
github.com/nghiapd-andpad/todo-project-intern/services/core-todo/internal/usecase/todos/todo_list_updater.go:33.21,36.3 1 1
github.com/nghiapd-andpad/todo-project-intern/services/core-todo/internal/usecase/todos/todo_list_updater.go:38.2,38.20 1 3
github.com/nghiapd-andpad/todo-project-intern/services/core-todo/internal/usecase/todos/todo_list_updater.go:38.20,40.3 1 2
github.com/nghiapd-andpad/todo-project-intern/services/core-todo/internal/usecase/todos/todo_list_updater.go:42.2,43.16 2 3
github.com/nghiapd-andpad/todo-project-intern/services/core-todo/internal/usecase/todos/todo_list_updater.go:43.16,45.3 1 1
github.com/nghiapd-andpad/todo-project-intern/services/core-todo/internal/usecase/todos/todo_list_updater.go:47.2,47.56 1 2
github.com/nghiapd-andpad/todo-project-intern/services/core-todo/internal/usecase/todos/todo_lister.go:16.79,18.2 1 4
github.com/nghiapd-andpad/todo-project-intern/services/core-todo/internal/usecase/todos/todo_lister.go:20.98,22.43 2 4
github.com/nghiapd-andpad/todo-project-intern/services/core-todo/internal/usecase/todos/todo_lister.go:22.43,24.3 1 0
github.com/nghiapd-andpad/todo-project-intern/services/core-todo/internal/usecase/todos/todo_lister.go:26.2,27.16 2 4
github.com/nghiapd-andpad/todo-project-intern/services/core-todo/internal/usecase/todos/todo_lister.go:27.16,29.3 1 1
github.com/nghiapd-andpad/todo-project-intern/services/core-todo/internal/usecase/todos/todo_lister.go:31.2,34.8 1 3
github.com/nghiapd-andpad/todo-project-intern/services/core-todo/internal/usecase/todos/todo_updater.go:22.16,27.2 1 6
github.com/nghiapd-andpad/todo-project-intern/services/core-todo/internal/usecase/todos/todo_updater.go:29.103,31.16 2 6
github.com/nghiapd-andpad/todo-project-intern/services/core-todo/internal/usecase/todos/todo_updater.go:31.16,33.3 1 1
github.com/nghiapd-andpad/todo-project-intern/services/core-todo/internal/usecase/todos/todo_updater.go:34.2,34.17 1 5
github.com/nghiapd-andpad/todo-project-intern/services/core-todo/internal/usecase/todos/todo_updater.go:34.17,37.3 1 1
github.com/nghiapd-andpad/todo-project-intern/services/core-todo/internal/usecase/todos/todo_updater.go:39.2,39.21 1 4
github.com/nghiapd-andpad/todo-project-intern/services/core-todo/internal/usecase/todos/todo_updater.go:39.21,41.3 1 2
github.com/nghiapd-andpad/todo-project-intern/services/core-todo/internal/usecase/todos/todo_updater.go:42.2,42.27 1 4
github.com/nghiapd-andpad/todo-project-intern/services/core-todo/internal/usecase/todos/todo_updater.go:42.27,44.3 1 0
github.com/nghiapd-andpad/todo-project-intern/services/core-todo/internal/usecase/todos/todo_updater.go:45.2,45.22 1 4
github.com/nghiapd-andpad/todo-project-intern/services/core-todo/internal/usecase/todos/todo_updater.go:45.22,47.3 1 1
github.com/nghiapd-andpad/todo-project-intern/services/core-todo/internal/usecase/todos/todo_updater.go:48.2,48.24 1 4
github.com/nghiapd-andpad/todo-project-intern/services/core-todo/internal/usecase/todos/todo_updater.go:48.24,50.3 1 0
github.com/nghiapd-andpad/todo-project-intern/services/core-todo/internal/usecase/todos/todo_updater.go:51.2,51.26 1 4
github.com/nghiapd-andpad/todo-project-intern/services/core-todo/internal/usecase/todos/todo_updater.go:51.26,53.3 1 0
github.com/nghiapd-andpad/todo-project-intern/services/core-todo/internal/usecase/todos/todo_updater.go:54.2,54.23 1 4
github.com/nghiapd-andpad/todo-project-intern/services/core-todo/internal/usecase/todos/todo_updater.go:54.23,56.17 2 1
github.com/nghiapd-andpad/todo-project-intern/services/core-todo/internal/usecase/todos/todo_updater.go:56.17,59.4 1 1
github.com/nghiapd-andpad/todo-project-intern/services/core-todo/internal/usecase/todos/todo_updater.go:60.3,60.25 1 0
github.com/nghiapd-andpad/todo-project-intern/services/core-todo/internal/usecase/todos/todo_updater.go:63.2,64.16 2 3
github.com/nghiapd-andpad/todo-project-intern/services/core-todo/internal/usecase/todos/todo_updater.go:64.16,66.3 1 1
github.com/nghiapd-andpad/todo-project-intern/services/core-todo/internal/usecase/todos/todo_updater.go:68.2,68.48 1 2
